2023-09-25 23:21:18,007 INFO    StreamThr :2163 [internal.py:wandb_internal():86] W&B internal server running at pid: 2163, started at: 2023-09-25 23:21:18.005712
2023-09-25 23:21:18,009 DEBUG   HandlerThread:2163 [handler.py:handle_request():144] handle_request: status
2023-09-25 23:21:18,025 INFO    WriterThread:2163 [datastore.py:open_for_write():85] open: /media/jonas/B41ED7D91ED792AA/Arbeit_und_Studium/Kognitionswissenschaft/Glaciers_NeurIPS/Glaciers_NeurIPS/DeepLearning/convLSTMTrain/wandb/run-20230925_232117-f45d5r2o/run-f45d5r2o.wandb
2023-09-25 23:21:18,027 DEBUG   SenderThread:2163 [sender.py:send():380] send: header
2023-09-25 23:21:18,061 DEBUG   SenderThread:2163 [sender.py:send():380] send: run
2023-09-25 23:21:18,692 INFO    SenderThread:2163 [dir_watcher.py:__init__():211] watching files in: /media/jonas/B41ED7D91ED792AA/Arbeit_und_Studium/Kognitionswissenschaft/Glaciers_NeurIPS/Glaciers_NeurIPS/DeepLearning/convLSTMTrain/wandb/run-20230925_232117-f45d5r2o/files
2023-09-25 23:21:18,692 INFO    SenderThread:2163 [sender.py:_start_run_threads():1122] run started: f45d5r2o with start time 1695676878.011452
2023-09-25 23:21:18,732 DEBUG   HandlerThread:2163 [handler.py:handle_request():144] handle_request: check_version
2023-09-25 23:21:18,732 DEBUG   SenderThread:2163 [sender.py:send_request():407] send_request: check_version
2023-09-25 23:21:22,002 DEBUG   HandlerThread:2163 [handler.py:handle_request():144] handle_request: run_start
2023-09-25 23:21:22,004 DEBUG   HandlerThread:2163 [system_info.py:__init__():32] System info init
2023-09-25 23:21:22,005 DEBUG   HandlerThread:2163 [system_info.py:__init__():47] System info init done
2023-09-25 23:21:22,005 INFO    HandlerThread:2163 [system_monitor.py:start():181] Starting system monitor
2023-09-25 23:21:22,005 INFO    SystemMonitor:2163 [system_monitor.py:_start():145] Starting system asset monitoring threads
2023-09-25 23:21:22,005 INFO    HandlerThread:2163 [system_monitor.py:probe():201] Collecting system info
2023-09-25 23:21:22,006 INFO    SystemMonitor:2163 [interfaces.py:start():190] Started cpu monitoring
2023-09-25 23:21:22,008 INFO    SystemMonitor:2163 [interfaces.py:start():190] Started disk monitoring
2023-09-25 23:21:22,010 INFO    SystemMonitor:2163 [interfaces.py:start():190] Started memory monitoring
2023-09-25 23:21:22,012 INFO    SystemMonitor:2163 [interfaces.py:start():190] Started network monitoring
2023-09-25 23:21:22,039 DEBUG   HandlerThread:2163 [system_info.py:probe():196] Probing system
2023-09-25 23:21:22,055 DEBUG   HandlerThread:2163 [system_info.py:_probe_git():181] Probing git
2023-09-25 23:21:22,091 DEBUG   HandlerThread:2163 [system_info.py:_probe_git():189] Probing git done
2023-09-25 23:21:22,092 DEBUG   HandlerThread:2163 [system_info.py:probe():244] Probing system done
2023-09-25 23:21:22,092 DEBUG   HandlerThread:2163 [system_monitor.py:probe():210] {'os': 'Linux-5.15.0-83-generic-x86_64-with-glibc2.35', 'python': '3.10.13', 'heartbeatAt': '2023-09-25T21:21:22.039676', 'startedAt': '2023-09-25T21:21:17.967039', 'docker': None, 'cuda': None, 'args': (), 'state': 'running', 'program': '/media/jonas/B41ED7D91ED792AA/Arbeit_und_Studium/Kognitionswissenschaft/Glaciers_NeurIPS/Glaciers_NeurIPS/DeepLearning/convLSTMTrain/convLSTMTrain.py', 'codePathLocal': 'convLSTMTrain.py', 'codePath': 'DeepLearning/convLSTMTrain/convLSTMTrain.py', 'git': {'remote': 'https://github.com/jonasmueler/Glaciers_NeurIPS.git', 'commit': '439383dbf302accd3c8ff07110606a3efee336b3'}, 'email': 'jonasmu@edu.aau.at', 'root': '/media/jonas/B41ED7D91ED792AA/Arbeit_und_Studium/Kognitionswissenschaft/Glaciers_NeurIPS/Glaciers_NeurIPS', 'host': 'jonas-X555UB', 'username': 'jonas', 'executable': '/media/jonas/B41ED7D91ED792AA/Arbeit_und_Studium/Kognitionswissenschaft/Glaciers_NeurIPS/Glaciers_NeurIPS/SatelliteImageExtraction/bin/python', 'cpu_count': 2, 'cpu_count_logical': 4, 'cpu_freq': {'current': 2476.677, 'min': 400.0, 'max': 2800.0}, 'cpu_freq_per_core': [{'current': 2706.708, 'min': 400.0, 'max': 2800.0}, {'current': 2400.0, 'min': 400.0, 'max': 2800.0}, {'current': 2400.0, 'min': 400.0, 'max': 2800.0}, {'current': 2400.0, 'min': 400.0, 'max': 2800.0}], 'disk': {'/': {'total': 3.8265228271484375, 'used': 0.00011444091796875}}, 'memory': {'total': 7.653049468994141}}
2023-09-25 23:21:22,092 INFO    HandlerThread:2163 [system_monitor.py:probe():211] Finished collecting system info
2023-09-25 23:21:22,092 INFO    HandlerThread:2163 [system_monitor.py:probe():214] Publishing system info
2023-09-25 23:21:22,092 DEBUG   HandlerThread:2163 [system_info.py:_save_pip():52] Saving list of pip packages installed into the current environment
2023-09-25 23:21:22,093 DEBUG   HandlerThread:2163 [system_info.py:_save_pip():68] Saving pip packages done
2023-09-25 23:21:22,094 INFO    HandlerThread:2163 [system_monitor.py:probe():216] Finished publishing system info
2023-09-25 23:21:22,103 DEBUG   SenderThread:2163 [sender.py:send():380] send: files
2023-09-25 23:21:22,103 INFO    SenderThread:2163 [sender.py:_save_file():1378] saving file wandb-metadata.json with policy now
2023-09-25 23:21:22,121 DEBUG   HandlerThread:2163 [handler.py:handle_request():144] handle_request: stop_status
2023-09-25 23:21:22,122 DEBUG   HandlerThread:2163 [handler.py:handle_request():144] handle_request: internal_messages
2023-09-25 23:21:22,123 DEBUG   SenderThread:2163 [sender.py:send_request():407] send_request: stop_status
2023-09-25 23:21:22,711 INFO    Thread-12 :2163 [dir_watcher.py:_on_file_created():271] file/dir created: /media/jonas/B41ED7D91ED792AA/Arbeit_und_Studium/Kognitionswissenschaft/Glaciers_NeurIPS/Glaciers_NeurIPS/DeepLearning/convLSTMTrain/wandb/run-20230925_232117-f45d5r2o/files/requirements.txt
2023-09-25 23:21:22,711 INFO    Thread-12 :2163 [dir_watcher.py:_on_file_created():271] file/dir created: /media/jonas/B41ED7D91ED792AA/Arbeit_und_Studium/Kognitionswissenschaft/Glaciers_NeurIPS/Glaciers_NeurIPS/DeepLearning/convLSTMTrain/wandb/run-20230925_232117-f45d5r2o/files/wandb-metadata.json
2023-09-25 23:21:22,956 DEBUG   HandlerThread:2163 [handler.py:handle_request():144] handle_request: partial_history
2023-09-25 23:21:23,848 DEBUG   HandlerThread:2163 [handler.py:handle_request():144] handle_request: partial_history
2023-09-25 23:21:24,671 DEBUG   HandlerThread:2163 [handler.py:handle_request():144] handle_request: partial_history
2023-09-25 23:21:25,535 INFO    SenderThread:2163 [retry.py:__call__():172] Retry attempt failed:
Traceback (most recent call last):
  File "/media/jonas/B41ED7D91ED792AA/Arbeit_und_Studium/Kognitionswissenschaft/Glaciers_NeurIPS/Glaciers_NeurIPS/SatelliteImageExtraction/lib/python3.10/site-packages/urllib3/connection.py", line 203, in _new_conn
    sock = connection.create_connection(
  File "/media/jonas/B41ED7D91ED792AA/Arbeit_und_Studium/Kognitionswissenschaft/Glaciers_NeurIPS/Glaciers_NeurIPS/SatelliteImageExtraction/lib/python3.10/site-packages/urllib3/util/connection.py", line 60, in create_connection
    for res in socket.getaddrinfo(host, port, family, socket.SOCK_STREAM):
  File "/usr/lib/python3.10/socket.py", line 955, in getaddrinfo
    for res in _socket.getaddrinfo(host, port, family, type, proto, flags):
socket.gaierror: [Errno -3] Temporary failure in name resolution

The above exception was the direct cause of the following exception:

Traceback (most recent call last):
  File "/media/jonas/B41ED7D91ED792AA/Arbeit_und_Studium/Kognitionswissenschaft/Glaciers_NeurIPS/Glaciers_NeurIPS/SatelliteImageExtraction/lib/python3.10/site-packages/urllib3/connectionpool.py", line 790, in urlopen
    response = self._make_request(
  File "/media/jonas/B41ED7D91ED792AA/Arbeit_und_Studium/Kognitionswissenschaft/Glaciers_NeurIPS/Glaciers_NeurIPS/SatelliteImageExtraction/lib/python3.10/site-packages/urllib3/connectionpool.py", line 491, in _make_request
    raise new_e
  File "/media/jonas/B41ED7D91ED792AA/Arbeit_und_Studium/Kognitionswissenschaft/Glaciers_NeurIPS/Glaciers_NeurIPS/SatelliteImageExtraction/lib/python3.10/site-packages/urllib3/connectionpool.py", line 467, in _make_request
    self._validate_conn(conn)
  File "/media/jonas/B41ED7D91ED792AA/Arbeit_und_Studium/Kognitionswissenschaft/Glaciers_NeurIPS/Glaciers_NeurIPS/SatelliteImageExtraction/lib/python3.10/site-packages/urllib3/connectionpool.py", line 1092, in _validate_conn
    conn.connect()
  File "/media/jonas/B41ED7D91ED792AA/Arbeit_und_Studium/Kognitionswissenschaft/Glaciers_NeurIPS/Glaciers_NeurIPS/SatelliteImageExtraction/lib/python3.10/site-packages/urllib3/connection.py", line 611, in connect
    self.sock = sock = self._new_conn()
  File "/media/jonas/B41ED7D91ED792AA/Arbeit_und_Studium/Kognitionswissenschaft/Glaciers_NeurIPS/Glaciers_NeurIPS/SatelliteImageExtraction/lib/python3.10/site-packages/urllib3/connection.py", line 210, in _new_conn
    raise NameResolutionError(self.host, self, e) from e
urllib3.exceptions.NameResolutionError: <urllib3.connection.HTTPSConnection object at 0x7f77b58d1600>: Failed to resolve 'api.wandb.ai' ([Errno -3] Temporary failure in name resolution)

The above exception was the direct cause of the following exception:

Traceback (most recent call last):
  File "/media/jonas/B41ED7D91ED792AA/Arbeit_und_Studium/Kognitionswissenschaft/Glaciers_NeurIPS/Glaciers_NeurIPS/SatelliteImageExtraction/lib/python3.10/site-packages/requests/adapters.py", line 486, in send
    resp = conn.urlopen(
  File "/media/jonas/B41ED7D91ED792AA/Arbeit_und_Studium/Kognitionswissenschaft/Glaciers_NeurIPS/Glaciers_NeurIPS/SatelliteImageExtraction/lib/python3.10/site-packages/urllib3/connectionpool.py", line 844, in urlopen
    retries = retries.increment(
  File "/media/jonas/B41ED7D91ED792AA/Arbeit_und_Studium/Kognitionswissenschaft/Glaciers_NeurIPS/Glaciers_NeurIPS/SatelliteImageExtraction/lib/python3.10/site-packages/urllib3/util/retry.py", line 515, in increment
    raise MaxRetryError(_pool, url, reason) from reason  # type: ignore[arg-type]
urllib3.exceptions.MaxRetryError: HTTPSConnectionPool(host='api.wandb.ai', port=443): Max retries exceeded with url: /graphql (Caused by NameResolutionError("<urllib3.connection.HTTPSConnection object at 0x7f77b58d1600>: Failed to resolve 'api.wandb.ai' ([Errno -3] Temporary failure in name resolution)"))

During handling of the above exception, another exception occurred:

Traceback (most recent call last):
  File "/media/jonas/B41ED7D91ED792AA/Arbeit_und_Studium/Kognitionswissenschaft/Glaciers_NeurIPS/Glaciers_NeurIPS/SatelliteImageExtraction/lib/python3.10/site-packages/wandb/sdk/lib/retry.py", line 131, in __call__
    result = self._call_fn(*args, **kwargs)
  File "/media/jonas/B41ED7D91ED792AA/Arbeit_und_Studium/Kognitionswissenschaft/Glaciers_NeurIPS/Glaciers_NeurIPS/SatelliteImageExtraction/lib/python3.10/site-packages/wandb/sdk/internal/internal_api.py", line 366, in execute
    return self.client.execute(*args, **kwargs)  # type: ignore
  File "/media/jonas/B41ED7D91ED792AA/Arbeit_und_Studium/Kognitionswissenschaft/Glaciers_NeurIPS/Glaciers_NeurIPS/SatelliteImageExtraction/lib/python3.10/site-packages/wandb/vendor/gql-0.2.0/wandb_gql/client.py", line 52, in execute
    result = self._get_result(document, *args, **kwargs)
  File "/media/jonas/B41ED7D91ED792AA/Arbeit_und_Studium/Kognitionswissenschaft/Glaciers_NeurIPS/Glaciers_NeurIPS/SatelliteImageExtraction/lib/python3.10/site-packages/wandb/vendor/gql-0.2.0/wandb_gql/client.py", line 60, in _get_result
    return self.transport.execute(document, *args, **kwargs)
  File "/media/jonas/B41ED7D91ED792AA/Arbeit_und_Studium/Kognitionswissenschaft/Glaciers_NeurIPS/Glaciers_NeurIPS/SatelliteImageExtraction/lib/python3.10/site-packages/wandb/sdk/lib/gql_request.py", line 58, in execute
    request = self.session.post(self.url, **post_args)
  File "/media/jonas/B41ED7D91ED792AA/Arbeit_und_Studium/Kognitionswissenschaft/Glaciers_NeurIPS/Glaciers_NeurIPS/SatelliteImageExtraction/lib/python3.10/site-packages/requests/sessions.py", line 637, in post
    return self.request("POST", url, data=data, json=json, **kwargs)
  File "/media/jonas/B41ED7D91ED792AA/Arbeit_und_Studium/Kognitionswissenschaft/Glaciers_NeurIPS/Glaciers_NeurIPS/SatelliteImageExtraction/lib/python3.10/site-packages/requests/sessions.py", line 589, in request
    resp = self.send(prep, **send_kwargs)
  File "/media/jonas/B41ED7D91ED792AA/Arbeit_und_Studium/Kognitionswissenschaft/Glaciers_NeurIPS/Glaciers_NeurIPS/SatelliteImageExtraction/lib/python3.10/site-packages/requests/sessions.py", line 703, in send
    r = adapter.send(request, **kwargs)
  File "/media/jonas/B41ED7D91ED792AA/Arbeit_und_Studium/Kognitionswissenschaft/Glaciers_NeurIPS/Glaciers_NeurIPS/SatelliteImageExtraction/lib/python3.10/site-packages/requests/adapters.py", line 519, in send
    raise ConnectionError(e, request=request)
requests.exceptions.ConnectionError: HTTPSConnectionPool(host='api.wandb.ai', port=443): Max retries exceeded with url: /graphql (Caused by NameResolutionError("<urllib3.connection.HTTPSConnection object at 0x7f77b58d1600>: Failed to resolve 'api.wandb.ai' ([Errno -3] Temporary failure in name resolution)"))
2023-09-25 23:21:25,578 DEBUG   HandlerThread:2163 [handler.py:handle_request():144] handle_request: partial_history
2023-09-25 23:21:26,454 DEBUG   HandlerThread:2163 [handler.py:handle_request():144] handle_request: partial_history
2023-09-25 23:21:27,337 DEBUG   HandlerThread:2163 [handler.py:handle_request():144] handle_request: partial_history
2023-09-25 23:21:28,120 DEBUG   HandlerThread:2163 [handler.py:handle_request():144] handle_request: keepalive
2023-09-25 23:21:28,252 DEBUG   HandlerThread:2163 [handler.py:handle_request():144] handle_request: partial_history
2023-09-25 23:21:29,106 DEBUG   HandlerThread:2163 [handler.py:handle_request():144] handle_request: partial_history
2023-09-25 23:21:30,212 DEBUG   HandlerThread:2163 [handler.py:handle_request():144] handle_request: partial_history
2023-09-25 23:21:31,120 DEBUG   HandlerThread:2163 [handler.py:handle_request():144] handle_request: partial_history
2023-09-25 23:21:32,032 DEBUG   HandlerThread:2163 [handler.py:handle_request():144] handle_request: partial_history
2023-09-25 23:21:33,009 DEBUG   HandlerThread:2163 [handler.py:handle_request():144] handle_request: partial_history
2023-09-25 23:21:33,122 DEBUG   HandlerThread:2163 [handler.py:handle_request():144] handle_request: keepalive
2023-09-25 23:21:33,961 DEBUG   HandlerThread:2163 [handler.py:handle_request():144] handle_request: partial_history
2023-09-25 23:21:35,354 DEBUG   HandlerThread:2163 [handler.py:handle_request():144] handle_request: partial_history
2023-09-25 23:21:36,516 DEBUG   HandlerThread:2163 [handler.py:handle_request():144] handle_request: partial_history
2023-09-25 23:21:37,120 DEBUG   HandlerThread:2163 [handler.py:handle_request():144] handle_request: internal_messages
2023-09-25 23:21:37,489 DEBUG   HandlerThread:2163 [handler.py:handle_request():144] handle_request: partial_history
2023-09-25 23:21:38,381 DEBUG   HandlerThread:2163 [handler.py:handle_request():144] handle_request: partial_history
2023-09-25 23:21:39,248 DEBUG   HandlerThread:2163 [handler.py:handle_request():144] handle_request: partial_history
2023-09-25 23:21:40,120 DEBUG   HandlerThread:2163 [handler.py:handle_request():144] handle_request: partial_history
2023-09-25 23:21:40,879 INFO    wandb-upload_0:2163 [upload_job.py:push():131] Uploaded file /tmp/tmp0jz4enuxwandb/mos4fmhm-wandb-metadata.json
2023-09-25 23:21:40,932 DEBUG   HandlerThread:2163 [handler.py:handle_request():144] handle_request: partial_history
2023-09-25 23:21:41,830 DEBUG   HandlerThread:2163 [handler.py:handle_request():144] handle_request: partial_history
2023-09-25 23:21:42,123 DEBUG   HandlerThread:2163 [handler.py:handle_request():144] handle_request: keepalive
2023-09-25 23:21:42,611 DEBUG   HandlerThread:2163 [handler.py:handle_request():144] handle_request: partial_history
2023-09-25 23:21:43,489 DEBUG   HandlerThread:2163 [handler.py:handle_request():144] handle_request: partial_history
2023-09-25 23:21:44,408 DEBUG   HandlerThread:2163 [handler.py:handle_request():144] handle_request: partial_history
2023-09-25 23:21:45,276 DEBUG   HandlerThread:2163 [handler.py:handle_request():144] handle_request: partial_history
2023-09-25 23:21:46,297 DEBUG   HandlerThread:2163 [handler.py:handle_request():144] handle_request: partial_history
2023-09-25 23:21:47,124 DEBUG   HandlerThread:2163 [handler.py:handle_request():144] handle_request: keepalive
2023-09-25 23:21:47,209 DEBUG   HandlerThread:2163 [handler.py:handle_request():144] handle_request: partial_history
2023-09-25 23:21:47,942 DEBUG   HandlerThread:2163 [handler.py:handle_request():144] handle_request: partial_history
2023-09-25 23:21:49,123 DEBUG   HandlerThread:2163 [handler.py:handle_request():144] handle_request: partial_history
2023-09-25 23:21:50,613 DEBUG   HandlerThread:2163 [handler.py:handle_request():144] handle_request: partial_history
2023-09-25 23:21:51,543 DEBUG   HandlerThread:2163 [handler.py:handle_request():144] handle_request: partial_history
2023-09-25 23:21:52,121 DEBUG   HandlerThread:2163 [handler.py:handle_request():144] handle_request: internal_messages
2023-09-25 23:21:52,402 DEBUG   HandlerThread:2163 [handler.py:handle_request():144] handle_request: partial_history
2023-09-25 23:21:53,661 DEBUG   HandlerThread:2163 [handler.py:handle_request():144] handle_request: partial_history
2023-09-25 23:21:54,570 DEBUG   HandlerThread:2163 [handler.py:handle_request():144] handle_request: partial_history
2023-09-25 23:21:56,355 DEBUG   HandlerThread:2163 [handler.py:handle_request():144] handle_request: poll_exit
2023-09-25 23:22:01,359 DEBUG   HandlerThread:2163 [handler.py:handle_request():144] handle_request: keepalive
2023-09-25 23:22:06,363 DEBUG   HandlerThread:2163 [handler.py:handle_request():144] handle_request: keepalive
2023-09-25 23:22:11,366 DEBUG   HandlerThread:2163 [handler.py:handle_request():144] handle_request: keepalive
2023-09-25 23:22:16,371 DEBUG   HandlerThread:2163 [handler.py:handle_request():144] handle_request: keepalive
2023-09-25 23:22:21,374 DEBUG   HandlerThread:2163 [handler.py:handle_request():144] handle_request: keepalive
2023-09-25 23:22:22,013 DEBUG   SystemMonitor:2163 [system_monitor.py:_start():159] Starting system metrics aggregation loop
2023-09-25 23:22:26,379 DEBUG   HandlerThread:2163 [handler.py:handle_request():144] handle_request: keepalive
2023-09-25 23:22:31,384 DEBUG   HandlerThread:2163 [handler.py:handle_request():144] handle_request: keepalive
2023-09-25 23:22:36,389 DEBUG   HandlerThread:2163 [handler.py:handle_request():144] handle_request: keepalive
2023-09-25 23:22:41,393 DEBUG   HandlerThread:2163 [handler.py:handle_request():144] handle_request: keepalive
2023-09-25 23:22:46,397 DEBUG   HandlerThread:2163 [handler.py:handle_request():144] handle_request: keepalive
2023-09-25 23:22:51,400 DEBUG   HandlerThread:2163 [handler.py:handle_request():144] handle_request: keepalive
2023-09-25 23:22:52,867 DEBUG   SenderThread:2163 [sender.py:send():380] send: telemetry
2023-09-25 23:22:52,868 DEBUG   HandlerThread:2163 [handler.py:handle_request():144] handle_request: status_report
2023-09-25 23:22:52,869 DEBUG   SenderThread:2163 [sender.py:send():380] send: history
2023-09-25 23:22:52,872 DEBUG   SenderThread:2163 [sender.py:send_request():407] send_request: summary_record
2023-09-25 23:22:52,877 INFO    SenderThread:2163 [sender.py:_save_file():1378] saving file wandb-summary.json with policy end
2023-09-25 23:22:52,894 DEBUG   SenderThread:2163 [sender.py:send():380] send: history
2023-09-25 23:22:52,895 DEBUG   SenderThread:2163 [sender.py:send_request():407] send_request: summary_record
2023-09-25 23:22:52,898 INFO    SenderThread:2163 [sender.py:_save_file():1378] saving file wandb-summary.json with policy end
2023-09-25 23:22:52,901 DEBUG   SenderThread:2163 [sender.py:send():380] send: history
2023-09-25 23:22:52,902 DEBUG   SenderThread:2163 [sender.py:send_request():407] send_request: summary_record
2023-09-25 23:22:52,903 INFO    SenderThread:2163 [sender.py:_save_file():1378] saving file wandb-summary.json with policy end
2023-09-25 23:22:52,905 DEBUG   SenderThread:2163 [sender.py:send():380] send: history
2023-09-25 23:22:52,906 DEBUG   SenderThread:2163 [sender.py:send_request():407] send_request: summary_record
2023-09-25 23:22:52,907 INFO    SenderThread:2163 [sender.py:_save_file():1378] saving file wandb-summary.json with policy end
2023-09-25 23:22:52,909 DEBUG   SenderThread:2163 [sender.py:send():380] send: history
2023-09-25 23:22:52,909 DEBUG   SenderThread:2163 [sender.py:send_request():407] send_request: summary_record
2023-09-25 23:22:52,910 INFO    SenderThread:2163 [sender.py:_save_file():1378] saving file wandb-summary.json with policy end
2023-09-25 23:22:52,912 DEBUG   SenderThread:2163 [sender.py:send():380] send: history
2023-09-25 23:22:52,913 DEBUG   SenderThread:2163 [sender.py:send_request():407] send_request: summary_record
2023-09-25 23:22:52,914 INFO    SenderThread:2163 [sender.py:_save_file():1378] saving file wandb-summary.json with policy end
2023-09-25 23:22:52,916 DEBUG   SenderThread:2163 [sender.py:send():380] send: history
2023-09-25 23:22:52,917 DEBUG   SenderThread:2163 [sender.py:send_request():407] send_request: summary_record
2023-09-25 23:22:52,917 INFO    SenderThread:2163 [sender.py:_save_file():1378] saving file wandb-summary.json with policy end
2023-09-25 23:22:52,919 DEBUG   SenderThread:2163 [sender.py:send():380] send: history
2023-09-25 23:22:52,919 DEBUG   SenderThread:2163 [sender.py:send_request():407] send_request: summary_record
2023-09-25 23:22:52,920 INFO    SenderThread:2163 [sender.py:_save_file():1378] saving file wandb-summary.json with policy end
2023-09-25 23:22:52,921 DEBUG   SenderThread:2163 [sender.py:send():380] send: history
2023-09-25 23:22:52,922 DEBUG   SenderThread:2163 [sender.py:send_request():407] send_request: summary_record
2023-09-25 23:22:52,922 INFO    SenderThread:2163 [sender.py:_save_file():1378] saving file wandb-summary.json with policy end
2023-09-25 23:22:52,924 DEBUG   SenderThread:2163 [sender.py:send():380] send: history
2023-09-25 23:22:52,924 DEBUG   SenderThread:2163 [sender.py:send_request():407] send_request: summary_record
2023-09-25 23:22:52,925 INFO    SenderThread:2163 [sender.py:_save_file():1378] saving file wandb-summary.json with policy end
2023-09-25 23:22:52,926 DEBUG   SenderThread:2163 [sender.py:send():380] send: history
2023-09-25 23:22:52,926 DEBUG   SenderThread:2163 [sender.py:send_request():407] send_request: summary_record
2023-09-25 23:22:52,927 INFO    SenderThread:2163 [sender.py:_save_file():1378] saving file wandb-summary.json with policy end
2023-09-25 23:22:52,929 DEBUG   SenderThread:2163 [sender.py:send():380] send: history
2023-09-25 23:22:52,929 DEBUG   SenderThread:2163 [sender.py:send_request():407] send_request: summary_record
2023-09-25 23:22:52,930 INFO    SenderThread:2163 [sender.py:_save_file():1378] saving file wandb-summary.json with policy end
2023-09-25 23:22:52,932 DEBUG   SenderThread:2163 [sender.py:send():380] send: history
2023-09-25 23:22:52,932 DEBUG   SenderThread:2163 [sender.py:send_request():407] send_request: summary_record
2023-09-25 23:22:52,933 INFO    SenderThread:2163 [sender.py:_save_file():1378] saving file wandb-summary.json with policy end
2023-09-25 23:22:52,934 DEBUG   SenderThread:2163 [sender.py:send():380] send: history
2023-09-25 23:22:52,935 DEBUG   SenderThread:2163 [sender.py:send_request():407] send_request: summary_record
2023-09-25 23:22:52,935 INFO    SenderThread:2163 [sender.py:_save_file():1378] saving file wandb-summary.json with policy end
2023-09-25 23:22:52,937 DEBUG   SenderThread:2163 [sender.py:send():380] send: history
2023-09-25 23:22:52,937 DEBUG   SenderThread:2163 [sender.py:send_request():407] send_request: summary_record
2023-09-25 23:22:52,938 INFO    SenderThread:2163 [sender.py:_save_file():1378] saving file wandb-summary.json with policy end
2023-09-25 23:22:52,940 DEBUG   SenderThread:2163 [sender.py:send():380] send: history
2023-09-25 23:22:52,940 DEBUG   SenderThread:2163 [sender.py:send_request():407] send_request: summary_record
2023-09-25 23:22:52,941 INFO    SenderThread:2163 [sender.py:_save_file():1378] saving file wandb-summary.json with policy end
2023-09-25 23:22:52,942 DEBUG   SenderThread:2163 [sender.py:send():380] send: history
2023-09-25 23:22:52,943 DEBUG   SenderThread:2163 [sender.py:send_request():407] send_request: summary_record
2023-09-25 23:22:52,945 INFO    SenderThread:2163 [sender.py:_save_file():1378] saving file wandb-summary.json with policy end
2023-09-25 23:22:52,947 DEBUG   SenderThread:2163 [sender.py:send():380] send: history
2023-09-25 23:22:52,948 DEBUG   SenderThread:2163 [sender.py:send_request():407] send_request: summary_record
2023-09-25 23:22:52,949 INFO    SenderThread:2163 [sender.py:_save_file():1378] saving file wandb-summary.json with policy end
2023-09-25 23:22:52,951 DEBUG   SenderThread:2163 [sender.py:send():380] send: history
2023-09-25 23:22:52,952 DEBUG   SenderThread:2163 [sender.py:send_request():407] send_request: summary_record
2023-09-25 23:22:52,954 INFO    SenderThread:2163 [sender.py:_save_file():1378] saving file wandb-summary.json with policy end
2023-09-25 23:22:52,955 DEBUG   SenderThread:2163 [sender.py:send():380] send: history
2023-09-25 23:22:52,956 DEBUG   SenderThread:2163 [sender.py:send_request():407] send_request: summary_record
2023-09-25 23:22:52,958 INFO    SenderThread:2163 [sender.py:_save_file():1378] saving file wandb-summary.json with policy end
2023-09-25 23:22:52,960 DEBUG   SenderThread:2163 [sender.py:send():380] send: history
2023-09-25 23:22:52,961 DEBUG   SenderThread:2163 [sender.py:send_request():407] send_request: summary_record
2023-09-25 23:22:52,962 INFO    SenderThread:2163 [sender.py:_save_file():1378] saving file wandb-summary.json with policy end
2023-09-25 23:22:52,964 DEBUG   SenderThread:2163 [sender.py:send():380] send: history
2023-09-25 23:22:52,965 DEBUG   SenderThread:2163 [sender.py:send_request():407] send_request: summary_record
2023-09-25 23:22:52,966 INFO    SenderThread:2163 [sender.py:_save_file():1378] saving file wandb-summary.json with policy end
2023-09-25 23:22:52,970 DEBUG   SenderThread:2163 [sender.py:send():380] send: history
2023-09-25 23:22:52,971 DEBUG   SenderThread:2163 [sender.py:send_request():407] send_request: summary_record
2023-09-25 23:22:52,972 INFO    SenderThread:2163 [sender.py:_save_file():1378] saving file wandb-summary.json with policy end
2023-09-25 23:22:52,973 DEBUG   SenderThread:2163 [sender.py:send():380] send: history
2023-09-25 23:22:52,974 DEBUG   SenderThread:2163 [sender.py:send_request():407] send_request: summary_record
2023-09-25 23:22:52,974 INFO    SenderThread:2163 [sender.py:_save_file():1378] saving file wandb-summary.json with policy end
2023-09-25 23:22:52,976 DEBUG   SenderThread:2163 [sender.py:send():380] send: history
2023-09-25 23:22:52,976 DEBUG   SenderThread:2163 [sender.py:send_request():407] send_request: summary_record
2023-09-25 23:22:52,977 INFO    SenderThread:2163 [sender.py:_save_file():1378] saving file wandb-summary.json with policy end
2023-09-25 23:22:52,979 DEBUG   SenderThread:2163 [sender.py:send():380] send: history
2023-09-25 23:22:52,979 DEBUG   SenderThread:2163 [sender.py:send_request():407] send_request: summary_record
2023-09-25 23:22:52,982 INFO    SenderThread:2163 [sender.py:_save_file():1378] saving file wandb-summary.json with policy end
2023-09-25 23:22:52,985 DEBUG   SenderThread:2163 [sender.py:send():380] send: history
2023-09-25 23:22:52,985 DEBUG   SenderThread:2163 [sender.py:send_request():407] send_request: summary_record
2023-09-25 23:22:52,986 INFO    SenderThread:2163 [sender.py:_save_file():1378] saving file wandb-summary.json with policy end
2023-09-25 23:22:52,987 DEBUG   SenderThread:2163 [sender.py:send():380] send: history
2023-09-25 23:22:52,988 DEBUG   SenderThread:2163 [sender.py:send_request():407] send_request: summary_record
2023-09-25 23:22:52,989 INFO    SenderThread:2163 [sender.py:_save_file():1378] saving file wandb-summary.json with policy end
2023-09-25 23:22:52,990 DEBUG   SenderThread:2163 [sender.py:send():380] send: history
2023-09-25 23:22:52,990 DEBUG   SenderThread:2163 [sender.py:send_request():407] send_request: summary_record
2023-09-25 23:22:52,991 INFO    SenderThread:2163 [sender.py:_save_file():1378] saving file wandb-summary.json with policy end
2023-09-25 23:22:52,992 DEBUG   SenderThread:2163 [sender.py:send():380] send: history
2023-09-25 23:22:52,993 DEBUG   SenderThread:2163 [sender.py:send_request():407] send_request: summary_record
2023-09-25 23:22:52,994 INFO    SenderThread:2163 [sender.py:_save_file():1378] saving file wandb-summary.json with policy end
2023-09-25 23:22:52,996 DEBUG   SenderThread:2163 [sender.py:send():380] send: history
2023-09-25 23:22:52,996 DEBUG   SenderThread:2163 [sender.py:send_request():407] send_request: summary_record
2023-09-25 23:22:52,998 INFO    SenderThread:2163 [sender.py:_save_file():1378] saving file wandb-summary.json with policy end
2023-09-25 23:22:53,000 DEBUG   SenderThread:2163 [sender.py:send():380] send: history
2023-09-25 23:22:53,000 DEBUG   SenderThread:2163 [sender.py:send_request():407] send_request: summary_record
2023-09-25 23:22:53,001 INFO    SenderThread:2163 [sender.py:_save_file():1378] saving file wandb-summary.json with policy end
2023-09-25 23:22:53,002 DEBUG   SenderThread:2163 [sender.py:send():380] send: history
2023-09-25 23:22:53,002 DEBUG   SenderThread:2163 [sender.py:send_request():407] send_request: summary_record
2023-09-25 23:22:53,003 INFO    SenderThread:2163 [sender.py:_save_file():1378] saving file wandb-summary.json with policy end
2023-09-25 23:22:53,004 DEBUG   SenderThread:2163 [sender.py:send():380] send: history
2023-09-25 23:22:53,005 DEBUG   SenderThread:2163 [sender.py:send_request():407] send_request: summary_record
2023-09-25 23:22:53,006 INFO    SenderThread:2163 [sender.py:_save_file():1378] saving file wandb-summary.json with policy end
2023-09-25 23:22:53,008 DEBUG   SenderThread:2163 [sender.py:send():380] send: exit
2023-09-25 23:22:53,009 INFO    SenderThread:2163 [sender.py:send_exit():585] handling exit code: 255
2023-09-25 23:22:53,009 INFO    SenderThread:2163 [sender.py:send_exit():587] handling runtime: 33
2023-09-25 23:22:53,010 INFO    SenderThread:2163 [sender.py:_save_file():1378] saving file wandb-summary.json with policy end
2023-09-25 23:22:53,010 INFO    SenderThread:2163 [sender.py:send_exit():593] send defer
2023-09-25 23:22:53,011 DEBUG   SenderThread:2163 [sender.py:send_request():407] send_request: poll_exit
2023-09-25 23:22:53,011 DEBUG   HandlerThread:2163 [handler.py:handle_request():144] handle_request: defer
2023-09-25 23:22:53,011 DEBUG   SenderThread:2163 [sender.py:send():380] send: stats
2023-09-25 23:22:53,011 INFO    HandlerThread:2163 [handler.py:handle_request_defer():170] handle defer: 0
2023-09-25 23:22:53,012 DEBUG   SenderThread:2163 [sender.py:send():380] send: stats
2023-09-25 23:22:53,013 DEBUG   SenderThread:2163 [sender.py:send_request():407] send_request: defer
2023-09-25 23:22:53,014 INFO    SenderThread:2163 [sender.py:send_request_defer():609] handle sender defer: 0
2023-09-25 23:22:53,014 INFO    SenderThread:2163 [sender.py:transition_state():613] send defer: 1
2023-09-25 23:22:53,015 DEBUG   HandlerThread:2163 [handler.py:handle_request():144] handle_request: defer
2023-09-25 23:22:53,015 INFO    HandlerThread:2163 [handler.py:handle_request_defer():170] handle defer: 1
2023-09-25 23:22:53,015 DEBUG   SenderThread:2163 [sender.py:send_request():407] send_request: defer
2023-09-25 23:22:53,016 INFO    SenderThread:2163 [sender.py:send_request_defer():609] handle sender defer: 1
2023-09-25 23:22:53,016 INFO    SenderThread:2163 [sender.py:transition_state():613] send defer: 2
2023-09-25 23:22:53,017 DEBUG   HandlerThread:2163 [handler.py:handle_request():144] handle_request: defer
2023-09-25 23:22:53,017 INFO    HandlerThread:2163 [handler.py:handle_request_defer():170] handle defer: 2
2023-09-25 23:22:53,017 INFO    HandlerThread:2163 [system_monitor.py:finish():190] Stopping system monitor
2023-09-25 23:22:53,018 INFO    HandlerThread:2163 [interfaces.py:finish():202] Joined cpu monitor
2023-09-25 23:22:53,018 DEBUG   SystemMonitor:2163 [system_monitor.py:_start():166] Finished system metrics aggregation loop
2023-09-25 23:22:53,018 INFO    HandlerThread:2163 [interfaces.py:finish():202] Joined disk monitor
2023-09-25 23:22:53,019 DEBUG   SystemMonitor:2163 [system_monitor.py:_start():170] Publishing last batch of metrics
2023-09-25 23:22:53,019 INFO    HandlerThread:2163 [interfaces.py:finish():202] Joined memory monitor
2023-09-25 23:22:53,021 INFO    HandlerThread:2163 [interfaces.py:finish():202] Joined network monitor
2023-09-25 23:22:53,021 DEBUG   SenderThread:2163 [sender.py:send_request():407] send_request: defer
2023-09-25 23:22:53,022 INFO    SenderThread:2163 [sender.py:send_request_defer():609] handle sender defer: 2
2023-09-25 23:22:53,022 INFO    SenderThread:2163 [sender.py:transition_state():613] send defer: 3
2023-09-25 23:22:53,022 DEBUG   SenderThread:2163 [sender.py:send():380] send: stats
2023-09-25 23:22:53,023 DEBUG   HandlerThread:2163 [handler.py:handle_request():144] handle_request: defer
2023-09-25 23:22:53,023 INFO    HandlerThread:2163 [handler.py:handle_request_defer():170] handle defer: 3
2023-09-25 23:22:53,024 DEBUG   SenderThread:2163 [sender.py:send_request():407] send_request: defer
2023-09-25 23:22:53,024 INFO    SenderThread:2163 [sender.py:send_request_defer():609] handle sender defer: 3
2023-09-25 23:22:53,024 INFO    SenderThread:2163 [sender.py:transition_state():613] send defer: 4
2023-09-25 23:22:53,025 DEBUG   HandlerThread:2163 [handler.py:handle_request():144] handle_request: defer
2023-09-25 23:22:53,025 INFO    HandlerThread:2163 [handler.py:handle_request_defer():170] handle defer: 4
2023-09-25 23:22:53,025 DEBUG   SenderThread:2163 [sender.py:send_request():407] send_request: defer
2023-09-25 23:22:53,026 INFO    SenderThread:2163 [sender.py:send_request_defer():609] handle sender defer: 4
2023-09-25 23:22:53,026 INFO    SenderThread:2163 [sender.py:transition_state():613] send defer: 5
2023-09-25 23:22:53,026 DEBUG   HandlerThread:2163 [handler.py:handle_request():144] handle_request: defer
2023-09-25 23:22:53,026 INFO    HandlerThread:2163 [handler.py:handle_request_defer():170] handle defer: 5
2023-09-25 23:22:53,027 DEBUG   SenderThread:2163 [sender.py:send():380] send: summary
2023-09-25 23:22:53,028 INFO    SenderThread:2163 [sender.py:_save_file():1378] saving file wandb-summary.json with policy end
2023-09-25 23:22:53,028 DEBUG   SenderThread:2163 [sender.py:send_request():407] send_request: defer
2023-09-25 23:22:53,028 INFO    SenderThread:2163 [sender.py:send_request_defer():609] handle sender defer: 5
2023-09-25 23:22:53,029 INFO    SenderThread:2163 [sender.py:transition_state():613] send defer: 6
2023-09-25 23:22:53,029 DEBUG   HandlerThread:2163 [handler.py:handle_request():144] handle_request: defer
2023-09-25 23:22:53,029 INFO    HandlerThread:2163 [handler.py:handle_request_defer():170] handle defer: 6
2023-09-25 23:22:53,029 DEBUG   SenderThread:2163 [sender.py:send_request():407] send_request: defer
2023-09-25 23:22:53,029 INFO    SenderThread:2163 [sender.py:send_request_defer():609] handle sender defer: 6
2023-09-25 23:22:53,035 DEBUG   HandlerThread:2163 [handler.py:handle_request():144] handle_request: status_report
2023-09-25 23:22:53,388 INFO    Thread-12 :2163 [dir_watcher.py:_on_file_created():271] file/dir created: /media/jonas/B41ED7D91ED792AA/Arbeit_und_Studium/Kognitionswissenschaft/Glaciers_NeurIPS/Glaciers_NeurIPS/DeepLearning/convLSTMTrain/wandb/run-20230925_232117-f45d5r2o/files/output.log
2023-09-25 23:22:53,391 INFO    Thread-12 :2163 [dir_watcher.py:_on_file_created():271] file/dir created: /media/jonas/B41ED7D91ED792AA/Arbeit_und_Studium/Kognitionswissenschaft/Glaciers_NeurIPS/Glaciers_NeurIPS/DeepLearning/convLSTMTrain/wandb/run-20230925_232117-f45d5r2o/files/wandb-summary.json
2023-09-25 23:22:54,343 INFO    SenderThread:2163 [sender.py:transition_state():613] send defer: 7
2023-09-25 23:22:54,344 DEBUG   HandlerThread:2163 [handler.py:handle_request():144] handle_request: defer
2023-09-25 23:22:54,345 INFO    HandlerThread:2163 [handler.py:handle_request_defer():170] handle defer: 7
2023-09-25 23:22:54,379 DEBUG   SenderThread:2163 [sender.py:send_request():407] send_request: defer
2023-09-25 23:22:54,380 INFO    SenderThread:2163 [sender.py:send_request_defer():609] handle sender defer: 7
2023-09-25 23:22:54,447 INFO    Thread-12 :2163 [dir_watcher.py:_on_file_modified():288] file/dir modified: /media/jonas/B41ED7D91ED792AA/Arbeit_und_Studium/Kognitionswissenschaft/Glaciers_NeurIPS/Glaciers_NeurIPS/DeepLearning/convLSTMTrain/wandb/run-20230925_232117-f45d5r2o/files/config.yaml
2023-09-25 23:22:55,083 INFO    SenderThread:2163 [sender.py:transition_state():613] send defer: 8
2023-09-25 23:22:55,084 DEBUG   HandlerThread:2163 [handler.py:handle_request():144] handle_request: defer
2023-09-25 23:22:55,084 INFO    HandlerThread:2163 [handler.py:handle_request_defer():170] handle defer: 8
2023-09-25 23:22:55,084 DEBUG   SenderThread:2163 [sender.py:send_request():407] send_request: defer
2023-09-25 23:22:55,085 INFO    SenderThread:2163 [sender.py:send_request_defer():609] handle sender defer: 8
2023-09-25 23:22:55,085 INFO    SenderThread:2163 [job_builder.py:build():281] Attempting to build job artifact
2023-09-25 23:22:55,087 INFO    SenderThread:2163 [job_builder.py:_get_source_type():393] is repo sourced job
2023-09-25 23:22:55,090 INFO    SenderThread:2163 [job_builder.py:build():369] adding wandb-job metadata file
2023-09-25 23:22:55,093 INFO    SenderThread:2163 [sender.py:transition_state():613] send defer: 9
2023-09-25 23:22:55,094 DEBUG   SenderThread:2163 [sender.py:send():380] send: artifact
2023-09-25 23:22:55,094 DEBUG   HandlerThread:2163 [handler.py:handle_request():144] handle_request: defer
2023-09-25 23:22:55,098 INFO    HandlerThread:2163 [handler.py:handle_request_defer():170] handle defer: 9
2023-09-25 23:22:55,477 INFO    Thread-12 :2163 [dir_watcher.py:_on_file_modified():288] file/dir modified: /media/jonas/B41ED7D91ED792AA/Arbeit_und_Studium/Kognitionswissenschaft/Glaciers_NeurIPS/Glaciers_NeurIPS/DeepLearning/convLSTMTrain/wandb/run-20230925_232117-f45d5r2o/files/output.log
2023-09-25 23:22:56,422 DEBUG   HandlerThread:2163 [handler.py:handle_request():144] handle_request: keepalive
2023-09-25 23:22:56,453 INFO    wandb-upload_1:2163 [upload_job.py:push():86] Skipped uploading /home/jonas/.var/app/com.visualstudio.code/data/wandb/artifacts/staging/tmpn_sw3ks5
2023-09-25 23:22:57,016 INFO    wandb-upload_0:2163 [upload_job.py:push():89] Uploaded file /home/jonas/.var/app/com.visualstudio.code/data/wandb/artifacts/staging/tmp84ogwg5j
2023-09-25 23:23:01,427 DEBUG   HandlerThread:2163 [handler.py:handle_request():144] handle_request: keepalive
2023-09-25 23:23:06,430 DEBUG   HandlerThread:2163 [handler.py:handle_request():144] handle_request: keepalive
2023-09-25 23:23:11,435 DEBUG   HandlerThread:2163 [handler.py:handle_request():144] handle_request: keepalive
2023-09-25 23:23:16,440 DEBUG   HandlerThread:2163 [handler.py:handle_request():144] handle_request: keepalive
2023-09-25 23:23:21,443 DEBUG   HandlerThread:2163 [handler.py:handle_request():144] handle_request: keepalive
2023-09-25 23:23:26,448 DEBUG   HandlerThread:2163 [handler.py:handle_request():144] handle_request: keepalive
2023-09-25 23:23:31,453 DEBUG   HandlerThread:2163 [handler.py:handle_request():144] handle_request: keepalive
2023-09-25 23:23:36,457 DEBUG   HandlerThread:2163 [handler.py:handle_request():144] handle_request: keepalive
2023-09-25 23:23:41,461 DEBUG   HandlerThread:2163 [handler.py:handle_request():144] handle_request: keepalive
2023-09-25 23:23:46,467 DEBUG   HandlerThread:2163 [handler.py:handle_request():144] handle_request: keepalive
2023-09-25 23:23:51,471 DEBUG   HandlerThread:2163 [handler.py:handle_request():144] handle_request: keepalive
2023-09-25 23:23:56,476 DEBUG   HandlerThread:2163 [handler.py:handle_request():144] handle_request: keepalive
2023-09-25 23:24:01,479 DEBUG   HandlerThread:2163 [handler.py:handle_request():144] handle_request: keepalive
2023-09-25 23:24:06,485 DEBUG   HandlerThread:2163 [handler.py:handle_request():144] handle_request: keepalive
2023-09-25 23:24:11,490 DEBUG   HandlerThread:2163 [handler.py:handle_request():144] handle_request: keepalive
2023-09-25 23:24:16,495 DEBUG   HandlerThread:2163 [handler.py:handle_request():144] handle_request: keepalive
2023-09-25 23:24:21,499 DEBUG   HandlerThread:2163 [handler.py:handle_request():144] handle_request: keepalive
2023-09-25 23:24:26,505 DEBUG   HandlerThread:2163 [handler.py:handle_request():144] handle_request: keepalive
2023-09-25 23:24:31,509 DEBUG   HandlerThread:2163 [handler.py:handle_request():144] handle_request: keepalive
2023-09-25 23:24:36,514 DEBUG   HandlerThread:2163 [handler.py:handle_request():144] handle_request: keepalive
2023-09-25 23:24:41,518 DEBUG   HandlerThread:2163 [handler.py:handle_request():144] handle_request: keepalive
2023-09-25 23:24:46,523 DEBUG   HandlerThread:2163 [handler.py:handle_request():144] handle_request: keepalive
2023-09-25 23:24:51,528 DEBUG   HandlerThread:2163 [handler.py:handle_request():144] handle_request: keepalive
2023-09-25 23:24:56,533 DEBUG   HandlerThread:2163 [handler.py:handle_request():144] handle_request: keepalive
2023-09-25 23:25:01,537 DEBUG   HandlerThread:2163 [handler.py:handle_request():144] handle_request: keepalive
2023-09-25 23:25:06,542 DEBUG   HandlerThread:2163 [handler.py:handle_request():144] handle_request: keepalive
2023-09-25 23:25:11,315 WARNING StreamThr :2163 [internal.py:is_dead():414] Internal process exiting, parent pid 2123 disappeared
2023-09-25 23:25:11,316 ERROR   StreamThr :2163 [internal.py:wandb_internal():152] Internal process shutdown.
2023-09-25 23:25:11,545 INFO    HandlerThread:2163 [handler.py:finish():844] shutting down handler
2023-09-25 23:25:12,153 INFO    WriterThread:2163 [datastore.py:close():294] close: /media/jonas/B41ED7D91ED792AA/Arbeit_und_Studium/Kognitionswissenschaft/Glaciers_NeurIPS/Glaciers_NeurIPS/DeepLearning/convLSTMTrain/wandb/run-20230925_232117-f45d5r2o/run-f45d5r2o.wandb
2023-09-25 23:25:19,324 WARNING FileStreamThread:2163 [file_stream.py:request_with_retry():668] requests_with_retry encountered retryable exception: HTTPSConnectionPool(host='api.wandb.ai', port=443): Read timed out. (read timeout=180). func: functools.partial(<bound method Session.post of <requests.sessions.Session object at 0x7f77b6a1f3d0>>, timeout=180), args: ('https://api.wandb.ai/files/mueller/ConvLSTMBig/f45d5r2o/file_stream',), kwargs: {'json': {'complete': False, 'failed': False, 'dropped': 0, 'uploaded': []}}
2023-09-25 23:39:19,563 ERROR   Thread-11 (_thread_body):2163 [internal_api.py:upload_file():2556] upload_file exception https://storage.googleapis.com/wandb-production.appspot.com/mueller/ConvLSTMBig/f45d5r2o/artifact/583648611/wandb_manifest.json?Expires=1695763377&GoogleAccessId=gorilla-files-url-signer-man%40wandb-production.iam.gserviceaccount.com&Signature=Lkhhk6nnUFhudXJA0l2CaI0KAzZLGV5%2BQNbCCPtr0HNvCSfnQ0SBT3UuB3rzyETzwQ7Os1tsCqahue3CiDgbAJvsE0c%2BUc1tJSKSjyDsV6tVcVzC9SVHKYoGwvjLMDvSZvirozpwfyVkQTgLXOyswLyi4ir15UKbFKYKWZYMH%2By64yQoV6ZA5vJWuP2k5vGPcUzpekt%2Bmu5kHRM%2BefBuOaSWVUpLCDOtgYlMrL9bO4QQDNgH4ocKQIl8TPZVWZgZEMSKFTD%2Bkwi%2BAfURJdfGm7gS%2Fay1mUWyiDpQH%2Bf5EbbeXn%2FjKNxawKpFNnWR4L2jz1%2F%2F2t3QNyHkbrYApBDH2w%3D%3D: ('Connection aborted.', RemoteDisconnected('Remote end closed connection without response'))
2023-09-25 23:39:19,563 ERROR   Thread-11 (_thread_body):2163 [internal_api.py:upload_file():2558] upload_file request headers: {'User-Agent': 'python-requests/2.31.0', 'Accept-Encoding': 'gzip, deflate', 'Accept': '*/*', 'Connection': 'keep-alive', 'Content-MD5': 'e1uTCrKo9WDxCLkE3f054A==', 'Content-Length': '513'}
2023-09-25 23:39:19,563 ERROR   Thread-11 (_thread_body):2163 [internal_api.py:upload_file():2560] upload_file response body: 
2023-09-25 23:39:22,632 INFO    SenderThread:2163 [sender.py:send_artifact():1456] sent artifact job-https___github.com_jonasmueler_Glaciers_NeurIPS.git_DeepLearning_convLSTMTrain_convLSTMTrain.py - {'id': 'QXJ0aWZhY3Q6NTgzNjQ4NjEx', 'state': 'PENDING', 'artifactSequence': {'id': 'QXJ0aWZhY3RDb2xsZWN0aW9uOjEwMDkzNDU0Nw==', 'latestArtifact': {'id': 'QXJ0aWZhY3Q6NTgzNjE5MDU5', 'versionIndex': 0}}}
2023-09-25 23:39:22,632 INFO    SenderThread:2163 [sender.py:finish():1534] shutting down sender
2023-09-25 23:39:22,633 INFO    SenderThread:2163 [dir_watcher.py:finish():358] shutting down directory watcher
2023-09-25 23:39:22,754 INFO    SenderThread:2163 [dir_watcher.py:finish():388] scan: /media/jonas/B41ED7D91ED792AA/Arbeit_und_Studium/Kognitionswissenschaft/Glaciers_NeurIPS/Glaciers_NeurIPS/DeepLearning/convLSTMTrain/wandb/run-20230925_232117-f45d5r2o/files
2023-09-25 23:39:22,755 INFO    SenderThread:2163 [dir_watcher.py:finish():402] scan save: /media/jonas/B41ED7D91ED792AA/Arbeit_und_Studium/Kognitionswissenschaft/Glaciers_NeurIPS/Glaciers_NeurIPS/DeepLearning/convLSTMTrain/wandb/run-20230925_232117-f45d5r2o/files/config.yaml config.yaml
2023-09-25 23:39:22,756 INFO    SenderThread:2163 [dir_watcher.py:finish():402] scan save: /media/jonas/B41ED7D91ED792AA/Arbeit_und_Studium/Kognitionswissenschaft/Glaciers_NeurIPS/Glaciers_NeurIPS/DeepLearning/convLSTMTrain/wandb/run-20230925_232117-f45d5r2o/files/output.log output.log
2023-09-25 23:39:22,766 INFO    SenderThread:2163 [dir_watcher.py:finish():402] scan save: /media/jonas/B41ED7D91ED792AA/Arbeit_und_Studium/Kognitionswissenschaft/Glaciers_NeurIPS/Glaciers_NeurIPS/DeepLearning/convLSTMTrain/wandb/run-20230925_232117-f45d5r2o/files/requirements.txt requirements.txt
2023-09-25 23:39:22,774 INFO    SenderThread:2163 [dir_watcher.py:finish():402] scan save: /media/jonas/B41ED7D91ED792AA/Arbeit_und_Studium/Kognitionswissenschaft/Glaciers_NeurIPS/Glaciers_NeurIPS/DeepLearning/convLSTMTrain/wandb/run-20230925_232117-f45d5r2o/files/wandb-metadata.json wandb-metadata.json
2023-09-25 23:39:22,776 INFO    SenderThread:2163 [dir_watcher.py:finish():402] scan save: /media/jonas/B41ED7D91ED792AA/Arbeit_und_Studium/Kognitionswissenschaft/Glaciers_NeurIPS/Glaciers_NeurIPS/DeepLearning/convLSTMTrain/wandb/run-20230925_232117-f45d5r2o/files/wandb-summary.json wandb-summary.json
2023-09-25 23:39:22,784 INFO    SenderThread:2163 [file_pusher.py:finish():175] shutting down file pusher
2023-09-25 23:39:22,785 INFO    SenderThread:2163 [file_pusher.py:join():181] waiting for file pusher
2023-09-25 23:39:23,578 INFO    wandb-upload_1:2163 [upload_job.py:push():131] Uploaded file /media/jonas/B41ED7D91ED792AA/Arbeit_und_Studium/Kognitionswissenschaft/Glaciers_NeurIPS/Glaciers_NeurIPS/DeepLearning/convLSTMTrain/wandb/run-20230925_232117-f45d5r2o/files/config.yaml
2023-09-25 23:39:23,588 INFO    wandb-upload_0:2163 [upload_job.py:push():131] Uploaded file /media/jonas/B41ED7D91ED792AA/Arbeit_und_Studium/Kognitionswissenschaft/Glaciers_NeurIPS/Glaciers_NeurIPS/DeepLearning/convLSTMTrain/wandb/run-20230925_232117-f45d5r2o/files/output.log
2023-09-25 23:39:23,630 INFO    wandb-upload_3:2163 [upload_job.py:push():131] Uploaded file /media/jonas/B41ED7D91ED792AA/Arbeit_und_Studium/Kognitionswissenschaft/Glaciers_NeurIPS/Glaciers_NeurIPS/DeepLearning/convLSTMTrain/wandb/run-20230925_232117-f45d5r2o/files/wandb-summary.json
2023-09-25 23:39:23,662 INFO    wandb-upload_2:2163 [upload_job.py:push():131] Uploaded file /media/jonas/B41ED7D91ED792AA/Arbeit_und_Studium/Kognitionswissenschaft/Glaciers_NeurIPS/Glaciers_NeurIPS/DeepLearning/convLSTMTrain/wandb/run-20230925_232117-f45d5r2o/files/requirements.txt
2023-09-25 23:39:24,292 INFO    SenderThread:2163 [file_stream.py:finish():595] file stream finish called
2023-09-25 23:39:24,491 INFO    SenderThread:2163 [file_stream.py:finish():599] file stream finish is done
