2023-09-25 23:09:15,523 INFO    StreamThr :1184 [internal.py:wandb_internal():86] W&B internal server running at pid: 1184, started at: 2023-09-25 23:09:15.519433
2023-09-25 23:09:15,528 DEBUG   HandlerThread:1184 [handler.py:handle_request():144] handle_request: status
2023-09-25 23:09:15,544 INFO    WriterThread:1184 [datastore.py:open_for_write():85] open: /media/jonas/B41ED7D91ED792AA/Arbeit_und_Studium/Kognitionswissenschaft/Glaciers_NeurIPS/Glaciers_NeurIPS/DeepLearning/convLSTMTrain/wandb/run-20230925_230915-rje2gdh1/run-rje2gdh1.wandb
2023-09-25 23:09:15,549 DEBUG   SenderThread:1184 [sender.py:send():380] send: header
2023-09-25 23:09:15,589 DEBUG   SenderThread:1184 [sender.py:send():380] send: run
2023-09-25 23:09:16,283 INFO    SenderThread:1184 [dir_watcher.py:__init__():211] watching files in: /media/jonas/B41ED7D91ED792AA/Arbeit_und_Studium/Kognitionswissenschaft/Glaciers_NeurIPS/Glaciers_NeurIPS/DeepLearning/convLSTMTrain/wandb/run-20230925_230915-rje2gdh1/files
2023-09-25 23:09:16,284 INFO    SenderThread:1184 [sender.py:_start_run_threads():1122] run started: rje2gdh1 with start time 1695676155.526262
2023-09-25 23:09:16,332 DEBUG   HandlerThread:1184 [handler.py:handle_request():144] handle_request: check_version
2023-09-25 23:09:16,333 DEBUG   SenderThread:1184 [sender.py:send_request():407] send_request: check_version
2023-09-25 23:09:16,575 DEBUG   HandlerThread:1184 [handler.py:handle_request():144] handle_request: run_start
2023-09-25 23:09:16,577 DEBUG   HandlerThread:1184 [system_info.py:__init__():32] System info init
2023-09-25 23:09:16,577 DEBUG   HandlerThread:1184 [system_info.py:__init__():47] System info init done
2023-09-25 23:09:16,577 INFO    HandlerThread:1184 [system_monitor.py:start():181] Starting system monitor
2023-09-25 23:09:16,578 INFO    SystemMonitor:1184 [system_monitor.py:_start():145] Starting system asset monitoring threads
2023-09-25 23:09:16,578 INFO    HandlerThread:1184 [system_monitor.py:probe():201] Collecting system info
2023-09-25 23:09:16,579 INFO    SystemMonitor:1184 [interfaces.py:start():190] Started cpu monitoring
2023-09-25 23:09:16,581 INFO    SystemMonitor:1184 [interfaces.py:start():190] Started disk monitoring
2023-09-25 23:09:16,582 INFO    SystemMonitor:1184 [interfaces.py:start():190] Started memory monitoring
2023-09-25 23:09:16,583 INFO    SystemMonitor:1184 [interfaces.py:start():190] Started network monitoring
2023-09-25 23:09:16,611 DEBUG   HandlerThread:1184 [system_info.py:probe():196] Probing system
2023-09-25 23:09:16,632 DEBUG   HandlerThread:1184 [system_info.py:_probe_git():181] Probing git
2023-09-25 23:09:16,680 DEBUG   HandlerThread:1184 [system_info.py:_probe_git():189] Probing git done
2023-09-25 23:09:16,681 DEBUG   HandlerThread:1184 [system_info.py:probe():244] Probing system done
2023-09-25 23:09:16,681 DEBUG   HandlerThread:1184 [system_monitor.py:probe():210] {'os': 'Linux-5.15.0-83-generic-x86_64-with-glibc2.35', 'python': '3.10.13', 'heartbeatAt': '2023-09-25T21:09:16.611818', 'startedAt': '2023-09-25T21:09:15.450160', 'docker': None, 'cuda': None, 'args': (), 'state': 'running', 'program': '/media/jonas/B41ED7D91ED792AA/Arbeit_und_Studium/Kognitionswissenschaft/Glaciers_NeurIPS/Glaciers_NeurIPS/DeepLearning/convLSTMTrain/convLSTMTrain.py', 'codePathLocal': 'convLSTMTrain.py', 'codePath': 'DeepLearning/convLSTMTrain/convLSTMTrain.py', 'git': {'remote': 'https://github.com/jonasmueler/Glaciers_NeurIPS.git', 'commit': '439383dbf302accd3c8ff07110606a3efee336b3'}, 'email': 'jonasmu@edu.aau.at', 'root': '/media/jonas/B41ED7D91ED792AA/Arbeit_und_Studium/Kognitionswissenschaft/Glaciers_NeurIPS/Glaciers_NeurIPS', 'host': 'jonas-X555UB', 'username': 'jonas', 'executable': '/media/jonas/B41ED7D91ED792AA/Arbeit_und_Studium/Kognitionswissenschaft/Glaciers_NeurIPS/Glaciers_NeurIPS/SatelliteImageExtraction/bin/python', 'cpu_count': 2, 'cpu_count_logical': 4, 'cpu_freq': {'current': 2544.7655, 'min': 400.0, 'max': 2800.0}, 'cpu_freq_per_core': [{'current': 2700.008, 'min': 400.0, 'max': 2800.0}, {'current': 2379.037, 'min': 400.0, 'max': 2800.0}, {'current': 2400.0, 'min': 400.0, 'max': 2800.0}, {'current': 2400.0, 'min': 400.0, 'max': 2800.0}], 'disk': {'/': {'total': 3.8265228271484375, 'used': 0.00011444091796875}}, 'memory': {'total': 7.653049468994141}}
2023-09-25 23:09:16,682 INFO    HandlerThread:1184 [system_monitor.py:probe():211] Finished collecting system info
2023-09-25 23:09:16,682 INFO    HandlerThread:1184 [system_monitor.py:probe():214] Publishing system info
2023-09-25 23:09:16,682 DEBUG   HandlerThread:1184 [system_info.py:_save_pip():52] Saving list of pip packages installed into the current environment
2023-09-25 23:09:16,683 DEBUG   HandlerThread:1184 [system_info.py:_save_pip():68] Saving pip packages done
2023-09-25 23:09:16,685 INFO    HandlerThread:1184 [system_monitor.py:probe():216] Finished publishing system info
2023-09-25 23:09:16,695 DEBUG   SenderThread:1184 [sender.py:send():380] send: files
2023-09-25 23:09:16,695 INFO    SenderThread:1184 [sender.py:_save_file():1378] saving file wandb-metadata.json with policy now
2023-09-25 23:09:16,722 DEBUG   HandlerThread:1184 [handler.py:handle_request():144] handle_request: stop_status
2023-09-25 23:09:16,724 DEBUG   SenderThread:1184 [sender.py:send_request():407] send_request: stop_status
2023-09-25 23:09:16,730 DEBUG   HandlerThread:1184 [handler.py:handle_request():144] handle_request: internal_messages
2023-09-25 23:09:17,138 DEBUG   SenderThread:1184 [sender.py:send():380] send: telemetry
2023-09-25 23:09:17,150 DEBUG   SenderThread:1184 [sender.py:send():380] send: exit
2023-09-25 23:09:17,151 INFO    SenderThread:1184 [sender.py:send_exit():585] handling exit code: 1
2023-09-25 23:09:17,152 INFO    SenderThread:1184 [sender.py:send_exit():587] handling runtime: 0
2023-09-25 23:09:17,157 INFO    SenderThread:1184 [sender.py:_save_file():1378] saving file wandb-summary.json with policy end
2023-09-25 23:09:17,161 INFO    SenderThread:1184 [sender.py:send_exit():593] send defer
2023-09-25 23:09:17,163 DEBUG   HandlerThread:1184 [handler.py:handle_request():144] handle_request: defer
2023-09-25 23:09:17,164 INFO    HandlerThread:1184 [handler.py:handle_request_defer():170] handle defer: 0
2023-09-25 23:09:17,170 DEBUG   SenderThread:1184 [sender.py:send_request():407] send_request: defer
2023-09-25 23:09:17,174 INFO    SenderThread:1184 [sender.py:send_request_defer():609] handle sender defer: 0
2023-09-25 23:09:17,176 INFO    SenderThread:1184 [sender.py:transition_state():613] send defer: 1
2023-09-25 23:09:17,181 DEBUG   HandlerThread:1184 [handler.py:handle_request():144] handle_request: defer
2023-09-25 23:09:17,182 INFO    HandlerThread:1184 [handler.py:handle_request_defer():170] handle defer: 1
2023-09-25 23:09:17,183 DEBUG   SenderThread:1184 [sender.py:send_request():407] send_request: defer
2023-09-25 23:09:17,184 INFO    SenderThread:1184 [sender.py:send_request_defer():609] handle sender defer: 1
2023-09-25 23:09:17,185 INFO    SenderThread:1184 [sender.py:transition_state():613] send defer: 2
2023-09-25 23:09:17,186 DEBUG   HandlerThread:1184 [handler.py:handle_request():144] handle_request: defer
2023-09-25 23:09:17,187 INFO    HandlerThread:1184 [handler.py:handle_request_defer():170] handle defer: 2
2023-09-25 23:09:17,187 INFO    HandlerThread:1184 [system_monitor.py:finish():190] Stopping system monitor
2023-09-25 23:09:17,188 DEBUG   SystemMonitor:1184 [system_monitor.py:_start():159] Starting system metrics aggregation loop
2023-09-25 23:09:17,189 DEBUG   SystemMonitor:1184 [system_monitor.py:_start():166] Finished system metrics aggregation loop
2023-09-25 23:09:17,191 DEBUG   SystemMonitor:1184 [system_monitor.py:_start():170] Publishing last batch of metrics
2023-09-25 23:09:17,193 INFO    HandlerThread:1184 [interfaces.py:finish():202] Joined cpu monitor
2023-09-25 23:09:17,194 INFO    HandlerThread:1184 [interfaces.py:finish():202] Joined disk monitor
2023-09-25 23:09:17,195 INFO    HandlerThread:1184 [interfaces.py:finish():202] Joined memory monitor
2023-09-25 23:09:17,196 INFO    HandlerThread:1184 [interfaces.py:finish():202] Joined network monitor
2023-09-25 23:09:17,198 DEBUG   SenderThread:1184 [sender.py:send_request():407] send_request: defer
2023-09-25 23:09:17,199 INFO    SenderThread:1184 [sender.py:send_request_defer():609] handle sender defer: 2
2023-09-25 23:09:17,199 INFO    SenderThread:1184 [sender.py:transition_state():613] send defer: 3
2023-09-25 23:09:17,200 DEBUG   SenderThread:1184 [sender.py:send():380] send: stats
2023-09-25 23:09:17,200 DEBUG   HandlerThread:1184 [handler.py:handle_request():144] handle_request: defer
2023-09-25 23:09:17,201 INFO    HandlerThread:1184 [handler.py:handle_request_defer():170] handle defer: 3
2023-09-25 23:09:17,202 DEBUG   SenderThread:1184 [sender.py:send_request():407] send_request: defer
2023-09-25 23:09:17,203 INFO    SenderThread:1184 [sender.py:send_request_defer():609] handle sender defer: 3
2023-09-25 23:09:17,204 INFO    SenderThread:1184 [sender.py:transition_state():613] send defer: 4
2023-09-25 23:09:17,204 DEBUG   HandlerThread:1184 [handler.py:handle_request():144] handle_request: defer
2023-09-25 23:09:17,208 INFO    HandlerThread:1184 [handler.py:handle_request_defer():170] handle defer: 4
2023-09-25 23:09:17,209 DEBUG   SenderThread:1184 [sender.py:send_request():407] send_request: defer
2023-09-25 23:09:17,210 INFO    SenderThread:1184 [sender.py:send_request_defer():609] handle sender defer: 4
2023-09-25 23:09:17,210 INFO    SenderThread:1184 [sender.py:transition_state():613] send defer: 5
2023-09-25 23:09:17,211 DEBUG   HandlerThread:1184 [handler.py:handle_request():144] handle_request: defer
2023-09-25 23:09:17,211 INFO    HandlerThread:1184 [handler.py:handle_request_defer():170] handle defer: 5
2023-09-25 23:09:17,212 DEBUG   SenderThread:1184 [sender.py:send():380] send: summary
2023-09-25 23:09:17,213 INFO    SenderThread:1184 [sender.py:_save_file():1378] saving file wandb-summary.json with policy end
2023-09-25 23:09:17,215 DEBUG   SenderThread:1184 [sender.py:send_request():407] send_request: defer
2023-09-25 23:09:17,215 INFO    SenderThread:1184 [sender.py:send_request_defer():609] handle sender defer: 5
2023-09-25 23:09:17,215 INFO    SenderThread:1184 [sender.py:transition_state():613] send defer: 6
2023-09-25 23:09:17,216 DEBUG   HandlerThread:1184 [handler.py:handle_request():144] handle_request: defer
2023-09-25 23:09:17,216 INFO    HandlerThread:1184 [handler.py:handle_request_defer():170] handle defer: 6
2023-09-25 23:09:17,217 DEBUG   SenderThread:1184 [sender.py:send_request():407] send_request: defer
2023-09-25 23:09:17,217 INFO    SenderThread:1184 [sender.py:send_request_defer():609] handle sender defer: 6
2023-09-25 23:09:17,271 DEBUG   HandlerThread:1184 [handler.py:handle_request():144] handle_request: status_report
2023-09-25 23:09:17,294 INFO    Thread-12 :1184 [dir_watcher.py:_on_file_created():271] file/dir created: /media/jonas/B41ED7D91ED792AA/Arbeit_und_Studium/Kognitionswissenschaft/Glaciers_NeurIPS/Glaciers_NeurIPS/DeepLearning/convLSTMTrain/wandb/run-20230925_230915-rje2gdh1/files/requirements.txt
2023-09-25 23:09:17,294 INFO    Thread-12 :1184 [dir_watcher.py:_on_file_created():271] file/dir created: /media/jonas/B41ED7D91ED792AA/Arbeit_und_Studium/Kognitionswissenschaft/Glaciers_NeurIPS/Glaciers_NeurIPS/DeepLearning/convLSTMTrain/wandb/run-20230925_230915-rje2gdh1/files/wandb-metadata.json
2023-09-25 23:09:17,295 INFO    Thread-12 :1184 [dir_watcher.py:_on_file_created():271] file/dir created: /media/jonas/B41ED7D91ED792AA/Arbeit_und_Studium/Kognitionswissenschaft/Glaciers_NeurIPS/Glaciers_NeurIPS/DeepLearning/convLSTMTrain/wandb/run-20230925_230915-rje2gdh1/files/output.log
2023-09-25 23:09:17,296 INFO    Thread-12 :1184 [dir_watcher.py:_on_file_created():271] file/dir created: /media/jonas/B41ED7D91ED792AA/Arbeit_und_Studium/Kognitionswissenschaft/Glaciers_NeurIPS/Glaciers_NeurIPS/DeepLearning/convLSTMTrain/wandb/run-20230925_230915-rje2gdh1/files/wandb-summary.json
2023-09-25 23:09:17,594 INFO    SenderThread:1184 [sender.py:transition_state():613] send defer: 7
2023-09-25 23:09:17,595 DEBUG   HandlerThread:1184 [handler.py:handle_request():144] handle_request: defer
2023-09-25 23:09:17,595 INFO    HandlerThread:1184 [handler.py:handle_request_defer():170] handle defer: 7
2023-09-25 23:09:17,597 DEBUG   SenderThread:1184 [sender.py:send_request():407] send_request: defer
2023-09-25 23:09:17,597 INFO    SenderThread:1184 [sender.py:send_request_defer():609] handle sender defer: 7
2023-09-25 23:09:17,600 INFO    wandb-upload_0:1184 [upload_job.py:push():131] Uploaded file /tmp/tmp617ejqiywandb/tqwe5uxa-wandb-metadata.json
2023-09-25 23:09:17,809 DEBUG   HandlerThread:1184 [handler.py:handle_request():144] handle_request: poll_exit
2023-09-25 23:09:18,288 INFO    Thread-12 :1184 [dir_watcher.py:_on_file_modified():288] file/dir modified: /media/jonas/B41ED7D91ED792AA/Arbeit_und_Studium/Kognitionswissenschaft/Glaciers_NeurIPS/Glaciers_NeurIPS/DeepLearning/convLSTMTrain/wandb/run-20230925_230915-rje2gdh1/files/config.yaml
2023-09-25 23:09:19,179 INFO    SenderThread:1184 [sender.py:transition_state():613] send defer: 8
2023-09-25 23:09:19,183 DEBUG   SenderThread:1184 [sender.py:send_request():407] send_request: poll_exit
2023-09-25 23:09:19,183 DEBUG   HandlerThread:1184 [handler.py:handle_request():144] handle_request: defer
2023-09-25 23:09:19,184 INFO    HandlerThread:1184 [handler.py:handle_request_defer():170] handle defer: 8
2023-09-25 23:09:19,185 DEBUG   SenderThread:1184 [sender.py:send_request():407] send_request: defer
2023-09-25 23:09:19,185 INFO    SenderThread:1184 [sender.py:send_request_defer():609] handle sender defer: 8
2023-09-25 23:09:19,185 INFO    SenderThread:1184 [job_builder.py:build():281] Attempting to build job artifact
2023-09-25 23:09:19,191 INFO    SenderThread:1184 [job_builder.py:_get_source_type():393] is repo sourced job
2023-09-25 23:09:19,195 INFO    SenderThread:1184 [job_builder.py:build():369] adding wandb-job metadata file
2023-09-25 23:09:19,215 INFO    SenderThread:1184 [sender.py:transition_state():613] send defer: 9
2023-09-25 23:09:19,216 DEBUG   SenderThread:1184 [sender.py:send():380] send: artifact
2023-09-25 23:09:19,216 DEBUG   HandlerThread:1184 [handler.py:handle_request():144] handle_request: defer
2023-09-25 23:09:19,221 INFO    HandlerThread:1184 [handler.py:handle_request_defer():170] handle defer: 9
2023-09-25 23:09:19,291 INFO    Thread-12 :1184 [dir_watcher.py:_on_file_modified():288] file/dir modified: /media/jonas/B41ED7D91ED792AA/Arbeit_und_Studium/Kognitionswissenschaft/Glaciers_NeurIPS/Glaciers_NeurIPS/DeepLearning/convLSTMTrain/wandb/run-20230925_230915-rje2gdh1/files/output.log
2023-09-25 23:09:20,344 INFO    SenderThread:1184 [sender.py:send_artifact():1456] sent artifact job-https___github.com_jonasmueler_Glaciers_NeurIPS.git_DeepLearning_convLSTMTrain_convLSTMTrain.py - {'id': 'QXJ0aWZhY3Q6NTgzNjE5MDU5', 'state': 'COMMITTED', 'artifactSequence': {'id': 'QXJ0aWZhY3RDb2xsZWN0aW9uOjEwMDkzNDU0Nw==', 'latestArtifact': {'id': 'QXJ0aWZhY3Q6NTgzNjE5MDU5', 'versionIndex': 0}}}
2023-09-25 23:09:20,346 DEBUG   SenderThread:1184 [sender.py:send_request():407] send_request: defer
2023-09-25 23:09:20,346 INFO    SenderThread:1184 [sender.py:send_request_defer():609] handle sender defer: 9
2023-09-25 23:09:20,347 INFO    SenderThread:1184 [dir_watcher.py:finish():358] shutting down directory watcher
2023-09-25 23:09:21,298 INFO    SenderThread:1184 [dir_watcher.py:finish():388] scan: /media/jonas/B41ED7D91ED792AA/Arbeit_und_Studium/Kognitionswissenschaft/Glaciers_NeurIPS/Glaciers_NeurIPS/DeepLearning/convLSTMTrain/wandb/run-20230925_230915-rje2gdh1/files
2023-09-25 23:09:21,301 INFO    SenderThread:1184 [dir_watcher.py:finish():402] scan save: /media/jonas/B41ED7D91ED792AA/Arbeit_und_Studium/Kognitionswissenschaft/Glaciers_NeurIPS/Glaciers_NeurIPS/DeepLearning/convLSTMTrain/wandb/run-20230925_230915-rje2gdh1/files/config.yaml config.yaml
2023-09-25 23:09:21,306 INFO    SenderThread:1184 [dir_watcher.py:finish():402] scan save: /media/jonas/B41ED7D91ED792AA/Arbeit_und_Studium/Kognitionswissenschaft/Glaciers_NeurIPS/Glaciers_NeurIPS/DeepLearning/convLSTMTrain/wandb/run-20230925_230915-rje2gdh1/files/output.log output.log
2023-09-25 23:09:21,329 INFO    SenderThread:1184 [dir_watcher.py:finish():402] scan save: /media/jonas/B41ED7D91ED792AA/Arbeit_und_Studium/Kognitionswissenschaft/Glaciers_NeurIPS/Glaciers_NeurIPS/DeepLearning/convLSTMTrain/wandb/run-20230925_230915-rje2gdh1/files/requirements.txt requirements.txt
2023-09-25 23:09:21,352 INFO    SenderThread:1184 [dir_watcher.py:finish():402] scan save: /media/jonas/B41ED7D91ED792AA/Arbeit_und_Studium/Kognitionswissenschaft/Glaciers_NeurIPS/Glaciers_NeurIPS/DeepLearning/convLSTMTrain/wandb/run-20230925_230915-rje2gdh1/files/wandb-metadata.json wandb-metadata.json
2023-09-25 23:09:21,353 INFO    SenderThread:1184 [dir_watcher.py:finish():402] scan save: /media/jonas/B41ED7D91ED792AA/Arbeit_und_Studium/Kognitionswissenschaft/Glaciers_NeurIPS/Glaciers_NeurIPS/DeepLearning/convLSTMTrain/wandb/run-20230925_230915-rje2gdh1/files/wandb-summary.json wandb-summary.json
2023-09-25 23:09:21,381 INFO    SenderThread:1184 [sender.py:transition_state():613] send defer: 10
2023-09-25 23:09:21,384 DEBUG   HandlerThread:1184 [handler.py:handle_request():144] handle_request: defer
2023-09-25 23:09:21,392 INFO    HandlerThread:1184 [handler.py:handle_request_defer():170] handle defer: 10
2023-09-25 23:09:21,401 DEBUG   SenderThread:1184 [sender.py:send_request():407] send_request: defer
2023-09-25 23:09:21,402 INFO    SenderThread:1184 [sender.py:send_request_defer():609] handle sender defer: 10
2023-09-25 23:09:21,404 INFO    SenderThread:1184 [file_pusher.py:finish():175] shutting down file pusher
2023-09-25 23:09:21,777 INFO    wandb-upload_0:1184 [upload_job.py:push():131] Uploaded file /media/jonas/B41ED7D91ED792AA/Arbeit_und_Studium/Kognitionswissenschaft/Glaciers_NeurIPS/Glaciers_NeurIPS/DeepLearning/convLSTMTrain/wandb/run-20230925_230915-rje2gdh1/files/config.yaml
2023-09-25 23:09:21,959 INFO    wandb-upload_1:1184 [upload_job.py:push():131] Uploaded file /media/jonas/B41ED7D91ED792AA/Arbeit_und_Studium/Kognitionswissenschaft/Glaciers_NeurIPS/Glaciers_NeurIPS/DeepLearning/convLSTMTrain/wandb/run-20230925_230915-rje2gdh1/files/output.log
2023-09-25 23:09:22,209 INFO    wandb-upload_2:1184 [upload_job.py:push():131] Uploaded file /media/jonas/B41ED7D91ED792AA/Arbeit_und_Studium/Kognitionswissenschaft/Glaciers_NeurIPS/Glaciers_NeurIPS/DeepLearning/convLSTMTrain/wandb/run-20230925_230915-rje2gdh1/files/requirements.txt
2023-09-25 23:09:22,813 DEBUG   HandlerThread:1184 [handler.py:handle_request():144] handle_request: keepalive
2023-09-25 23:09:26,406 DEBUG   HandlerThread:1184 [handler.py:handle_request():144] handle_request: status_report
2023-09-25 23:09:27,816 DEBUG   HandlerThread:1184 [handler.py:handle_request():144] handle_request: keepalive
2023-09-25 23:09:31,407 DEBUG   HandlerThread:1184 [handler.py:handle_request():144] handle_request: status_report
2023-09-25 23:09:32,820 DEBUG   HandlerThread:1184 [handler.py:handle_request():144] handle_request: keepalive
2023-09-25 23:09:36,409 DEBUG   HandlerThread:1184 [handler.py:handle_request():144] handle_request: status_report
2023-09-25 23:09:37,823 DEBUG   HandlerThread:1184 [handler.py:handle_request():144] handle_request: keepalive
2023-09-25 23:09:41,410 DEBUG   HandlerThread:1184 [handler.py:handle_request():144] handle_request: status_report
2023-09-25 23:09:42,827 DEBUG   HandlerThread:1184 [handler.py:handle_request():144] handle_request: keepalive
2023-09-25 23:09:43,046 INFO    wandb-upload_3:1184 [upload_job.py:push():131] Uploaded file /media/jonas/B41ED7D91ED792AA/Arbeit_und_Studium/Kognitionswissenschaft/Glaciers_NeurIPS/Glaciers_NeurIPS/DeepLearning/convLSTMTrain/wandb/run-20230925_230915-rje2gdh1/files/wandb-summary.json
2023-09-25 23:09:43,247 INFO    Thread-11 (_thread_body):1184 [sender.py:transition_state():613] send defer: 11
2023-09-25 23:09:43,249 DEBUG   HandlerThread:1184 [handler.py:handle_request():144] handle_request: defer
2023-09-25 23:09:43,250 INFO    HandlerThread:1184 [handler.py:handle_request_defer():170] handle defer: 11
2023-09-25 23:09:43,252 DEBUG   SenderThread:1184 [sender.py:send_request():407] send_request: defer
2023-09-25 23:09:43,253 INFO    SenderThread:1184 [sender.py:send_request_defer():609] handle sender defer: 11
2023-09-25 23:09:43,254 INFO    SenderThread:1184 [file_pusher.py:join():181] waiting for file pusher
2023-09-25 23:09:43,255 INFO    SenderThread:1184 [sender.py:transition_state():613] send defer: 12
2023-09-25 23:09:43,256 DEBUG   HandlerThread:1184 [handler.py:handle_request():144] handle_request: defer
2023-09-25 23:09:43,257 INFO    HandlerThread:1184 [handler.py:handle_request_defer():170] handle defer: 12
2023-09-25 23:09:43,259 DEBUG   SenderThread:1184 [sender.py:send_request():407] send_request: defer
2023-09-25 23:09:43,260 INFO    SenderThread:1184 [sender.py:send_request_defer():609] handle sender defer: 12
2023-09-25 23:09:43,261 INFO    SenderThread:1184 [file_stream.py:finish():595] file stream finish called
2023-09-25 23:09:47,828 DEBUG   HandlerThread:1184 [handler.py:handle_request():144] handle_request: keepalive
2023-09-25 23:09:52,833 DEBUG   HandlerThread:1184 [handler.py:handle_request():144] handle_request: keepalive
2023-09-25 23:09:57,835 DEBUG   HandlerThread:1184 [handler.py:handle_request():144] handle_request: keepalive
2023-09-25 23:10:02,838 DEBUG   HandlerThread:1184 [handler.py:handle_request():144] handle_request: keepalive
2023-09-25 23:10:07,840 DEBUG   HandlerThread:1184 [handler.py:handle_request():144] handle_request: keepalive
2023-09-25 23:10:12,843 DEBUG   HandlerThread:1184 [handler.py:handle_request():144] handle_request: keepalive
2023-09-25 23:10:17,846 DEBUG   HandlerThread:1184 [handler.py:handle_request():144] handle_request: keepalive
2023-09-25 23:10:22,849 DEBUG   HandlerThread:1184 [handler.py:handle_request():144] handle_request: keepalive
2023-09-25 23:10:27,853 DEBUG   HandlerThread:1184 [handler.py:handle_request():144] handle_request: keepalive
2023-09-25 23:10:32,857 DEBUG   HandlerThread:1184 [handler.py:handle_request():144] handle_request: keepalive
2023-09-25 23:10:36,608 WARNING StreamThr :1184 [internal.py:is_dead():414] Internal process exiting, parent pid 1141 disappeared
2023-09-25 23:10:36,609 ERROR   StreamThr :1184 [internal.py:wandb_internal():152] Internal process shutdown.
2023-09-25 23:10:36,859 INFO    HandlerThread:1184 [handler.py:finish():844] shutting down handler
2023-09-25 23:10:37,273 INFO    WriterThread:1184 [datastore.py:close():294] close: /media/jonas/B41ED7D91ED792AA/Arbeit_und_Studium/Kognitionswissenschaft/Glaciers_NeurIPS/Glaciers_NeurIPS/DeepLearning/convLSTMTrain/wandb/run-20230925_230915-rje2gdh1/run-rje2gdh1.wandb
2023-09-25 23:11:28,396 WARNING FileStreamThread:1184 [file_stream.py:request_with_retry():668] requests_with_retry encountered retryable exception: HTTPSConnectionPool(host='api.wandb.ai', port=443): Max retries exceeded with url: /files/mueller/ConvLSTMBig/rje2gdh1/file_stream (Caused by ConnectTimeoutError(<urllib3.connection.HTTPSConnection object at 0x7f3b9c9b3190>, 'Connection to api.wandb.ai timed out. (connect timeout=180)')). func: functools.partial(<bound method Session.post of <requests.sessions.Session object at 0x7f3b9db6f3d0>>, timeout=180), args: ('https://api.wandb.ai/files/mueller/ConvLSTMBig/rje2gdh1/file_stream',), kwargs: {'json': {'files': {'wandb-summary.json': {'offset': 0, 'content': ['{"_wandb": {"runtime": 0}}']}, 'wandb-events.jsonl': {'offset': 0, 'content': ['{"system.proc.memory.availableMB": 4131.93, "system.memory": 47.3, "system.proc.memory.rssMB": 456.45, "system.proc.memory.percent": 5.82, "system.disk.\\\\.usagePercent": 0.0, "system.disk.\\\\.usageGB": 0.0, "system.disk.in": 0.0, "system.disk.out": 0.0, "system.cpu": 0.0, "system.cpu.0.cpu_percent": 50.5, "system.cpu.1.cpu_percent": 46.0, "system.cpu.2.cpu_percent": 51.4, "system.cpu.3.cpu_percent": 51.6, "system.proc.cpu.threads": 6, "_wandb": true, "_timestamp": 1695676157.191934, "_runtime": 1.665672}']}, 'output.log': {'offset': 0, 'content': ['ERROR 2023-09-25T21:09:19.169788 Traceback (most recent call last):\n', 'ERROR 2023-09-25T21:09:19.169788   File "/media/jonas/B41ED7D91ED792AA/Arbeit_und_Studium/Kognitionswissenschaft/Glaciers_NeurIPS/Glaciers_NeurIPS/DeepLearning/convLSTMTrain/datasetClasses.py", line 79, in __getitem__\n', 'ERROR 2023-09-25T21:09:19.169788     print(input.size())\n', "ERROR 2023-09-25T21:09:19.169788 AttributeError: 'builtin_function_or_method' object has no attribute 'size'\n", 'ERROR 2023-09-25T21:09:19.169788 During handling of the above exception, another exception occurred:\n', 'ERROR 2023-09-25T21:09:19.169788 Traceback (most recent call last):\n', 'ERROR 2023-09-25T21:09:19.169788   File "/media/jonas/B41ED7D91ED792AA/Arbeit_und_Studium/Kognitionswissenschaft/Glaciers_NeurIPS/Glaciers_NeurIPS/DeepLearning/convLSTMTrain/convLSTMTrain.py", line 34, in <module>\n', 'ERROR 2023-09-25T21:09:19.169788     functions.trainLoop(dataTrain, dataVal,  model, loss, False, "ConvLSTMBig", params, True, device)\n', 'ERROR 2023-09-25T21:09:19.169788   File "/media/jonas/B41ED7D91ED792AA/Arbeit_und_Studium/Kognitionswissenschaft/Glaciers_NeurIPS/Glaciers_NeurIPS/DeepLearning/convLSTMTrain/functions.py", line 571, in trainLoop\n', 'ERROR 2023-09-25T21:09:19.169788     for inpts, targets in trainLoader:\n', 'ERROR 2023-09-25T21:09:19.169788   File "/media/jonas/B41ED7D91ED792AA/Arbeit_und_Studium/Kognitionswissenschaft/Glaciers_NeurIPS/Glaciers_NeurIPS/SatelliteImageExtraction/lib/python3.10/site-packages/torch/utils/data/dataloader.py", line 633, in __next__\n', 'ERROR 2023-09-25T21:09:19.169788     data = self._next_data()\n', 'ERROR 2023-09-25T21:09:19.169788   File "/media/jonas/B41ED7D91ED792AA/Arbeit_und_Studium/Kognitionswissenschaft/Glaciers_NeurIPS/Glaciers_NeurIPS/SatelliteImageExtraction/lib/python3.10/site-packages/torch/utils/data/dataloader.py", line 677, in _next_data\n', 'ERROR 2023-09-25T21:09:19.169788     data = self._dataset_fetcher.fetch(index)  # may raise StopIteration\n', 'ERROR 2023-09-25T21:09:19.169788   File "/media/jonas/B41ED7D91ED792AA/Arbeit_und_Studium/Kognitionswissenschaft/Glaciers_NeurIPS/Glaciers_NeurIPS/SatelliteImageExtraction/lib/python3.10/site-packages/torch/utils/data/_utils/fetch.py", line 51, in fetch\n', 'ERROR 2023-09-25T21:09:19.169788     data = [self.dataset[idx] for idx in possibly_batched_index]\n', 'ERROR 2023-09-25T21:09:19.169788   File "/media/jonas/B41ED7D91ED792AA/Arbeit_und_Studium/Kognitionswissenschaft/Glaciers_NeurIPS/Glaciers_NeurIPS/SatelliteImageExtraction/lib/python3.10/site-packages/torch/utils/data/_utils/fetch.py", line 51, in <listcomp>\n', 'ERROR 2023-09-25T21:09:19.169788     data = [self.dataset[idx] for idx in possibly_batched_index]\n', 'ERROR 2023-09-25T21:09:19.169788   File "/media/jonas/B41ED7D91ED792AA/Arbeit_und_Studium/Kognitionswissenschaft/Glaciers_NeurIPS/Glaciers_NeurIPS/DeepLearning/convLSTMTrain/datasetClasses.py", line 85, in __getitem__\n', 'ERROR 2023-09-25T21:09:19.169788     print(input.size())\n', "ERROR 2023-09-25T21:09:19.169788 AttributeError: 'builtin_function_or_method' object has no attribute 'size'\n"]}}, 'dropped': 0}}
2023-09-25 23:11:31,646 INFO    SenderThread:1184 [file_stream.py:finish():599] file stream finish is done
2023-09-25 23:11:31,647 INFO    SenderThread:1184 [sender.py:transition_state():613] send defer: 13
2023-09-25 23:11:31,648 INFO    SenderThread:1184 [sender.py:finish():1534] shutting down sender
2023-09-25 23:11:31,649 INFO    SenderThread:1184 [file_pusher.py:finish():175] shutting down file pusher
2023-09-25 23:11:31,650 INFO    SenderThread:1184 [file_pusher.py:join():181] waiting for file pusher
