2023-09-25 23:19:48,678 INFO    StreamThr :1861 [internal.py:wandb_internal():86] W&B internal server running at pid: 1861, started at: 2023-09-25 23:19:48.677291
2023-09-25 23:19:48,681 DEBUG   HandlerThread:1861 [handler.py:handle_request():144] handle_request: status
2023-09-25 23:19:48,695 INFO    WriterThread:1861 [datastore.py:open_for_write():85] open: /media/jonas/B41ED7D91ED792AA/Arbeit_und_Studium/Kognitionswissenschaft/Glaciers_NeurIPS/Glaciers_NeurIPS/DeepLearning/convLSTMTrain/wandb/run-20230925_231948-e4j04x8d/run-e4j04x8d.wandb
2023-09-25 23:19:48,697 DEBUG   SenderThread:1861 [sender.py:send():380] send: header
2023-09-25 23:19:48,729 DEBUG   SenderThread:1861 [sender.py:send():380] send: run
2023-09-25 23:19:52,260 INFO    SenderThread:1861 [retry.py:__call__():172] Retry attempt failed:
Traceback (most recent call last):
  File "/media/jonas/B41ED7D91ED792AA/Arbeit_und_Studium/Kognitionswissenschaft/Glaciers_NeurIPS/Glaciers_NeurIPS/SatelliteImageExtraction/lib/python3.10/site-packages/urllib3/connection.py", line 203, in _new_conn
    sock = connection.create_connection(
  File "/media/jonas/B41ED7D91ED792AA/Arbeit_und_Studium/Kognitionswissenschaft/Glaciers_NeurIPS/Glaciers_NeurIPS/SatelliteImageExtraction/lib/python3.10/site-packages/urllib3/util/connection.py", line 60, in create_connection
    for res in socket.getaddrinfo(host, port, family, socket.SOCK_STREAM):
  File "/usr/lib/python3.10/socket.py", line 955, in getaddrinfo
    for res in _socket.getaddrinfo(host, port, family, type, proto, flags):
socket.gaierror: [Errno -3] Temporary failure in name resolution

The above exception was the direct cause of the following exception:

Traceback (most recent call last):
  File "/media/jonas/B41ED7D91ED792AA/Arbeit_und_Studium/Kognitionswissenschaft/Glaciers_NeurIPS/Glaciers_NeurIPS/SatelliteImageExtraction/lib/python3.10/site-packages/urllib3/connectionpool.py", line 790, in urlopen
    response = self._make_request(
  File "/media/jonas/B41ED7D91ED792AA/Arbeit_und_Studium/Kognitionswissenschaft/Glaciers_NeurIPS/Glaciers_NeurIPS/SatelliteImageExtraction/lib/python3.10/site-packages/urllib3/connectionpool.py", line 491, in _make_request
    raise new_e
  File "/media/jonas/B41ED7D91ED792AA/Arbeit_und_Studium/Kognitionswissenschaft/Glaciers_NeurIPS/Glaciers_NeurIPS/SatelliteImageExtraction/lib/python3.10/site-packages/urllib3/connectionpool.py", line 467, in _make_request
    self._validate_conn(conn)
  File "/media/jonas/B41ED7D91ED792AA/Arbeit_und_Studium/Kognitionswissenschaft/Glaciers_NeurIPS/Glaciers_NeurIPS/SatelliteImageExtraction/lib/python3.10/site-packages/urllib3/connectionpool.py", line 1092, in _validate_conn
    conn.connect()
  File "/media/jonas/B41ED7D91ED792AA/Arbeit_und_Studium/Kognitionswissenschaft/Glaciers_NeurIPS/Glaciers_NeurIPS/SatelliteImageExtraction/lib/python3.10/site-packages/urllib3/connection.py", line 611, in connect
    self.sock = sock = self._new_conn()
  File "/media/jonas/B41ED7D91ED792AA/Arbeit_und_Studium/Kognitionswissenschaft/Glaciers_NeurIPS/Glaciers_NeurIPS/SatelliteImageExtraction/lib/python3.10/site-packages/urllib3/connection.py", line 210, in _new_conn
    raise NameResolutionError(self.host, self, e) from e
urllib3.exceptions.NameResolutionError: <urllib3.connection.HTTPSConnection object at 0x7f7804ae4460>: Failed to resolve 'api.wandb.ai' ([Errno -3] Temporary failure in name resolution)

The above exception was the direct cause of the following exception:

Traceback (most recent call last):
  File "/media/jonas/B41ED7D91ED792AA/Arbeit_und_Studium/Kognitionswissenschaft/Glaciers_NeurIPS/Glaciers_NeurIPS/SatelliteImageExtraction/lib/python3.10/site-packages/requests/adapters.py", line 486, in send
    resp = conn.urlopen(
  File "/media/jonas/B41ED7D91ED792AA/Arbeit_und_Studium/Kognitionswissenschaft/Glaciers_NeurIPS/Glaciers_NeurIPS/SatelliteImageExtraction/lib/python3.10/site-packages/urllib3/connectionpool.py", line 844, in urlopen
    retries = retries.increment(
  File "/media/jonas/B41ED7D91ED792AA/Arbeit_und_Studium/Kognitionswissenschaft/Glaciers_NeurIPS/Glaciers_NeurIPS/SatelliteImageExtraction/lib/python3.10/site-packages/urllib3/util/retry.py", line 515, in increment
    raise MaxRetryError(_pool, url, reason) from reason  # type: ignore[arg-type]
urllib3.exceptions.MaxRetryError: HTTPSConnectionPool(host='api.wandb.ai', port=443): Max retries exceeded with url: /graphql (Caused by NameResolutionError("<urllib3.connection.HTTPSConnection object at 0x7f7804ae4460>: Failed to resolve 'api.wandb.ai' ([Errno -3] Temporary failure in name resolution)"))

During handling of the above exception, another exception occurred:

Traceback (most recent call last):
  File "/media/jonas/B41ED7D91ED792AA/Arbeit_und_Studium/Kognitionswissenschaft/Glaciers_NeurIPS/Glaciers_NeurIPS/SatelliteImageExtraction/lib/python3.10/site-packages/wandb/sdk/lib/retry.py", line 131, in __call__
    result = self._call_fn(*args, **kwargs)
  File "/media/jonas/B41ED7D91ED792AA/Arbeit_und_Studium/Kognitionswissenschaft/Glaciers_NeurIPS/Glaciers_NeurIPS/SatelliteImageExtraction/lib/python3.10/site-packages/wandb/sdk/internal/internal_api.py", line 366, in execute
    return self.client.execute(*args, **kwargs)  # type: ignore
  File "/media/jonas/B41ED7D91ED792AA/Arbeit_und_Studium/Kognitionswissenschaft/Glaciers_NeurIPS/Glaciers_NeurIPS/SatelliteImageExtraction/lib/python3.10/site-packages/wandb/vendor/gql-0.2.0/wandb_gql/client.py", line 52, in execute
    result = self._get_result(document, *args, **kwargs)
  File "/media/jonas/B41ED7D91ED792AA/Arbeit_und_Studium/Kognitionswissenschaft/Glaciers_NeurIPS/Glaciers_NeurIPS/SatelliteImageExtraction/lib/python3.10/site-packages/wandb/vendor/gql-0.2.0/wandb_gql/client.py", line 60, in _get_result
    return self.transport.execute(document, *args, **kwargs)
  File "/media/jonas/B41ED7D91ED792AA/Arbeit_und_Studium/Kognitionswissenschaft/Glaciers_NeurIPS/Glaciers_NeurIPS/SatelliteImageExtraction/lib/python3.10/site-packages/wandb/sdk/lib/gql_request.py", line 58, in execute
    request = self.session.post(self.url, **post_args)
  File "/media/jonas/B41ED7D91ED792AA/Arbeit_und_Studium/Kognitionswissenschaft/Glaciers_NeurIPS/Glaciers_NeurIPS/SatelliteImageExtraction/lib/python3.10/site-packages/requests/sessions.py", line 637, in post
    return self.request("POST", url, data=data, json=json, **kwargs)
  File "/media/jonas/B41ED7D91ED792AA/Arbeit_und_Studium/Kognitionswissenschaft/Glaciers_NeurIPS/Glaciers_NeurIPS/SatelliteImageExtraction/lib/python3.10/site-packages/requests/sessions.py", line 589, in request
    resp = self.send(prep, **send_kwargs)
  File "/media/jonas/B41ED7D91ED792AA/Arbeit_und_Studium/Kognitionswissenschaft/Glaciers_NeurIPS/Glaciers_NeurIPS/SatelliteImageExtraction/lib/python3.10/site-packages/requests/sessions.py", line 703, in send
    r = adapter.send(request, **kwargs)
  File "/media/jonas/B41ED7D91ED792AA/Arbeit_und_Studium/Kognitionswissenschaft/Glaciers_NeurIPS/Glaciers_NeurIPS/SatelliteImageExtraction/lib/python3.10/site-packages/requests/adapters.py", line 519, in send
    raise ConnectionError(e, request=request)
requests.exceptions.ConnectionError: HTTPSConnectionPool(host='api.wandb.ai', port=443): Max retries exceeded with url: /graphql (Caused by NameResolutionError("<urllib3.connection.HTTPSConnection object at 0x7f7804ae4460>: Failed to resolve 'api.wandb.ai' ([Errno -3] Temporary failure in name resolution)"))
2023-09-25 23:19:53,733 DEBUG   HandlerThread:1861 [handler.py:handle_request():144] handle_request: keepalive
2023-09-25 23:19:58,737 DEBUG   HandlerThread:1861 [handler.py:handle_request():144] handle_request: keepalive
2023-09-25 23:20:03,741 DEBUG   HandlerThread:1861 [handler.py:handle_request():144] handle_request: keepalive
2023-09-25 23:20:06,425 INFO    SenderThread:1861 [dir_watcher.py:__init__():211] watching files in: /media/jonas/B41ED7D91ED792AA/Arbeit_und_Studium/Kognitionswissenschaft/Glaciers_NeurIPS/Glaciers_NeurIPS/DeepLearning/convLSTMTrain/wandb/run-20230925_231948-e4j04x8d/files
2023-09-25 23:20:06,426 INFO    SenderThread:1861 [sender.py:_start_run_threads():1122] run started: e4j04x8d with start time 1695676788.681615
2023-09-25 23:20:06,427 DEBUG   HandlerThread:1861 [handler.py:handle_request():144] handle_request: status_report
2023-09-25 23:20:06,468 DEBUG   HandlerThread:1861 [handler.py:handle_request():144] handle_request: check_version
2023-09-25 23:20:06,468 DEBUG   SenderThread:1861 [sender.py:send_request():407] send_request: check_version
2023-09-25 23:20:06,734 DEBUG   HandlerThread:1861 [handler.py:handle_request():144] handle_request: run_start
2023-09-25 23:20:06,736 DEBUG   HandlerThread:1861 [system_info.py:__init__():32] System info init
2023-09-25 23:20:06,736 DEBUG   HandlerThread:1861 [system_info.py:__init__():47] System info init done
2023-09-25 23:20:06,736 INFO    HandlerThread:1861 [system_monitor.py:start():181] Starting system monitor
2023-09-25 23:20:06,737 INFO    SystemMonitor:1861 [system_monitor.py:_start():145] Starting system asset monitoring threads
2023-09-25 23:20:06,737 INFO    HandlerThread:1861 [system_monitor.py:probe():201] Collecting system info
2023-09-25 23:20:06,738 INFO    SystemMonitor:1861 [interfaces.py:start():190] Started cpu monitoring
2023-09-25 23:20:06,740 INFO    SystemMonitor:1861 [interfaces.py:start():190] Started disk monitoring
2023-09-25 23:20:06,742 INFO    SystemMonitor:1861 [interfaces.py:start():190] Started memory monitoring
2023-09-25 23:20:06,743 INFO    SystemMonitor:1861 [interfaces.py:start():190] Started network monitoring
2023-09-25 23:20:06,767 DEBUG   HandlerThread:1861 [system_info.py:probe():196] Probing system
2023-09-25 23:20:06,784 DEBUG   HandlerThread:1861 [system_info.py:_probe_git():181] Probing git
2023-09-25 23:20:06,821 DEBUG   HandlerThread:1861 [system_info.py:_probe_git():189] Probing git done
2023-09-25 23:20:06,821 DEBUG   HandlerThread:1861 [system_info.py:probe():244] Probing system done
2023-09-25 23:20:06,822 DEBUG   HandlerThread:1861 [system_monitor.py:probe():210] {'os': 'Linux-5.15.0-83-generic-x86_64-with-glibc2.35', 'python': '3.10.13', 'heartbeatAt': '2023-09-25T21:20:06.767815', 'startedAt': '2023-09-25T21:19:48.605743', 'docker': None, 'cuda': None, 'args': (), 'state': 'running', 'program': '/media/jonas/B41ED7D91ED792AA/Arbeit_und_Studium/Kognitionswissenschaft/Glaciers_NeurIPS/Glaciers_NeurIPS/DeepLearning/convLSTMTrain/convLSTMTrain.py', 'codePathLocal': 'convLSTMTrain.py', 'codePath': 'DeepLearning/convLSTMTrain/convLSTMTrain.py', 'git': {'remote': 'https://github.com/jonasmueler/Glaciers_NeurIPS.git', 'commit': '439383dbf302accd3c8ff07110606a3efee336b3'}, 'email': 'jonasmu@edu.aau.at', 'root': '/media/jonas/B41ED7D91ED792AA/Arbeit_und_Studium/Kognitionswissenschaft/Glaciers_NeurIPS/Glaciers_NeurIPS', 'host': 'jonas-X555UB', 'username': 'jonas', 'executable': '/media/jonas/B41ED7D91ED792AA/Arbeit_und_Studium/Kognitionswissenschaft/Glaciers_NeurIPS/Glaciers_NeurIPS/SatelliteImageExtraction/bin/python', 'cpu_count': 2, 'cpu_count_logical': 4, 'cpu_freq': {'current': 2475.01275, 'min': 400.0, 'max': 2800.0}, 'cpu_freq_per_core': [{'current': 2400.0, 'min': 400.0, 'max': 2800.0}, {'current': 2400.0, 'min': 400.0, 'max': 2800.0}, {'current': 2400.0, 'min': 400.0, 'max': 2800.0}, {'current': 2700.051, 'min': 400.0, 'max': 2800.0}], 'disk': {'/': {'total': 3.8265228271484375, 'used': 0.00011444091796875}}, 'memory': {'total': 7.653049468994141}}
2023-09-25 23:20:06,822 INFO    HandlerThread:1861 [system_monitor.py:probe():211] Finished collecting system info
2023-09-25 23:20:06,822 INFO    HandlerThread:1861 [system_monitor.py:probe():214] Publishing system info
2023-09-25 23:20:06,822 DEBUG   HandlerThread:1861 [system_info.py:_save_pip():52] Saving list of pip packages installed into the current environment
2023-09-25 23:20:06,824 DEBUG   HandlerThread:1861 [system_info.py:_save_pip():68] Saving pip packages done
2023-09-25 23:20:06,825 INFO    HandlerThread:1861 [system_monitor.py:probe():216] Finished publishing system info
2023-09-25 23:20:06,832 DEBUG   SenderThread:1861 [sender.py:send():380] send: files
2023-09-25 23:20:06,833 INFO    SenderThread:1861 [sender.py:_save_file():1378] saving file wandb-metadata.json with policy now
2023-09-25 23:20:06,859 DEBUG   HandlerThread:1861 [handler.py:handle_request():144] handle_request: internal_messages
2023-09-25 23:20:06,863 DEBUG   SenderThread:1861 [sender.py:send():380] send: telemetry
2023-09-25 23:20:06,905 DEBUG   HandlerThread:1861 [handler.py:handle_request():144] handle_request: stop_status
2023-09-25 23:20:06,906 DEBUG   SenderThread:1861 [sender.py:send_request():407] send_request: stop_status
2023-09-25 23:20:07,701 INFO    Thread-12 :1861 [dir_watcher.py:_on_file_created():271] file/dir created: /media/jonas/B41ED7D91ED792AA/Arbeit_und_Studium/Kognitionswissenschaft/Glaciers_NeurIPS/Glaciers_NeurIPS/DeepLearning/convLSTMTrain/wandb/run-20230925_231948-e4j04x8d/files/requirements.txt
2023-09-25 23:20:07,713 INFO    Thread-12 :1861 [dir_watcher.py:_on_file_created():271] file/dir created: /media/jonas/B41ED7D91ED792AA/Arbeit_und_Studium/Kognitionswissenschaft/Glaciers_NeurIPS/Glaciers_NeurIPS/DeepLearning/convLSTMTrain/wandb/run-20230925_231948-e4j04x8d/files/wandb-metadata.json
2023-09-25 23:20:07,714 INFO    Thread-12 :1861 [dir_watcher.py:_on_file_created():271] file/dir created: /media/jonas/B41ED7D91ED792AA/Arbeit_und_Studium/Kognitionswissenschaft/Glaciers_NeurIPS/Glaciers_NeurIPS/DeepLearning/convLSTMTrain/wandb/run-20230925_231948-e4j04x8d/files/output.log
2023-09-25 23:20:07,973 INFO    wandb-upload_0:1861 [upload_job.py:push():131] Uploaded file /tmp/tmpxndoriniwandb/80bg53fo-wandb-metadata.json
2023-09-25 23:20:09,350 DEBUG   HandlerThread:1861 [handler.py:handle_request():144] handle_request: partial_history
2023-09-25 23:20:09,358 DEBUG   SenderThread:1861 [sender.py:send():380] send: history
2023-09-25 23:20:09,386 DEBUG   SenderThread:1861 [sender.py:send_request():407] send_request: summary_record
2023-09-25 23:20:09,472 INFO    SenderThread:1861 [sender.py:_save_file():1378] saving file wandb-summary.json with policy end
2023-09-25 23:20:09,784 INFO    Thread-12 :1861 [dir_watcher.py:_on_file_modified():288] file/dir modified: /media/jonas/B41ED7D91ED792AA/Arbeit_und_Studium/Kognitionswissenschaft/Glaciers_NeurIPS/Glaciers_NeurIPS/DeepLearning/convLSTMTrain/wandb/run-20230925_231948-e4j04x8d/files/output.log
2023-09-25 23:20:09,784 INFO    Thread-12 :1861 [dir_watcher.py:_on_file_created():271] file/dir created: /media/jonas/B41ED7D91ED792AA/Arbeit_und_Studium/Kognitionswissenschaft/Glaciers_NeurIPS/Glaciers_NeurIPS/DeepLearning/convLSTMTrain/wandb/run-20230925_231948-e4j04x8d/files/wandb-summary.json
2023-09-25 23:20:10,363 DEBUG   HandlerThread:1861 [handler.py:handle_request():144] handle_request: partial_history
2023-09-25 23:20:10,366 DEBUG   SenderThread:1861 [sender.py:send():380] send: history
2023-09-25 23:20:10,396 DEBUG   SenderThread:1861 [sender.py:send_request():407] send_request: summary_record
2023-09-25 23:20:10,425 INFO    SenderThread:1861 [sender.py:_save_file():1378] saving file wandb-summary.json with policy end
2023-09-25 23:20:10,792 INFO    Thread-12 :1861 [dir_watcher.py:_on_file_modified():288] file/dir modified: /media/jonas/B41ED7D91ED792AA/Arbeit_und_Studium/Kognitionswissenschaft/Glaciers_NeurIPS/Glaciers_NeurIPS/DeepLearning/convLSTMTrain/wandb/run-20230925_231948-e4j04x8d/files/wandb-summary.json
2023-09-25 23:20:11,430 DEBUG   HandlerThread:1861 [handler.py:handle_request():144] handle_request: status_report
2023-09-25 23:20:11,755 DEBUG   HandlerThread:1861 [handler.py:handle_request():144] handle_request: partial_history
2023-09-25 23:20:11,758 DEBUG   SenderThread:1861 [sender.py:send():380] send: history
2023-09-25 23:20:11,798 DEBUG   SenderThread:1861 [sender.py:send_request():407] send_request: summary_record
2023-09-25 23:20:11,800 INFO    SenderThread:1861 [sender.py:_save_file():1378] saving file wandb-summary.json with policy end
2023-09-25 23:20:11,895 INFO    Thread-12 :1861 [dir_watcher.py:_on_file_modified():288] file/dir modified: /media/jonas/B41ED7D91ED792AA/Arbeit_und_Studium/Kognitionswissenschaft/Glaciers_NeurIPS/Glaciers_NeurIPS/DeepLearning/convLSTMTrain/wandb/run-20230925_231948-e4j04x8d/files/wandb-summary.json
2023-09-25 23:20:11,928 INFO    Thread-12 :1861 [dir_watcher.py:_on_file_modified():288] file/dir modified: /media/jonas/B41ED7D91ED792AA/Arbeit_und_Studium/Kognitionswissenschaft/Glaciers_NeurIPS/Glaciers_NeurIPS/DeepLearning/convLSTMTrain/wandb/run-20230925_231948-e4j04x8d/files/output.log
2023-09-25 23:20:12,799 DEBUG   HandlerThread:1861 [handler.py:handle_request():144] handle_request: partial_history
2023-09-25 23:20:12,839 DEBUG   SenderThread:1861 [sender.py:send():380] send: history
2023-09-25 23:20:12,880 DEBUG   SenderThread:1861 [sender.py:send_request():407] send_request: summary_record
2023-09-25 23:20:12,938 INFO    SenderThread:1861 [sender.py:_save_file():1378] saving file wandb-summary.json with policy end
2023-09-25 23:20:13,027 INFO    Thread-12 :1861 [dir_watcher.py:_on_file_modified():288] file/dir modified: /media/jonas/B41ED7D91ED792AA/Arbeit_und_Studium/Kognitionswissenschaft/Glaciers_NeurIPS/Glaciers_NeurIPS/DeepLearning/convLSTMTrain/wandb/run-20230925_231948-e4j04x8d/files/wandb-summary.json
2023-09-25 23:20:13,799 DEBUG   HandlerThread:1861 [handler.py:handle_request():144] handle_request: partial_history
2023-09-25 23:20:13,802 DEBUG   SenderThread:1861 [sender.py:send():380] send: history
2023-09-25 23:20:13,836 DEBUG   SenderThread:1861 [sender.py:send_request():407] send_request: summary_record
2023-09-25 23:20:13,839 INFO    SenderThread:1861 [sender.py:_save_file():1378] saving file wandb-summary.json with policy end
2023-09-25 23:20:14,044 INFO    Thread-12 :1861 [dir_watcher.py:_on_file_modified():288] file/dir modified: /media/jonas/B41ED7D91ED792AA/Arbeit_und_Studium/Kognitionswissenschaft/Glaciers_NeurIPS/Glaciers_NeurIPS/DeepLearning/convLSTMTrain/wandb/run-20230925_231948-e4j04x8d/files/wandb-summary.json
2023-09-25 23:20:14,046 INFO    Thread-12 :1861 [dir_watcher.py:_on_file_modified():288] file/dir modified: /media/jonas/B41ED7D91ED792AA/Arbeit_und_Studium/Kognitionswissenschaft/Glaciers_NeurIPS/Glaciers_NeurIPS/DeepLearning/convLSTMTrain/wandb/run-20230925_231948-e4j04x8d/files/output.log
2023-09-25 23:20:14,718 DEBUG   HandlerThread:1861 [handler.py:handle_request():144] handle_request: partial_history
2023-09-25 23:20:14,720 DEBUG   SenderThread:1861 [sender.py:send():380] send: history
2023-09-25 23:20:14,758 DEBUG   SenderThread:1861 [sender.py:send_request():407] send_request: summary_record
2023-09-25 23:20:14,767 INFO    SenderThread:1861 [sender.py:_save_file():1378] saving file wandb-summary.json with policy end
2023-09-25 23:20:15,053 INFO    Thread-12 :1861 [dir_watcher.py:_on_file_modified():288] file/dir modified: /media/jonas/B41ED7D91ED792AA/Arbeit_und_Studium/Kognitionswissenschaft/Glaciers_NeurIPS/Glaciers_NeurIPS/DeepLearning/convLSTMTrain/wandb/run-20230925_231948-e4j04x8d/files/wandb-summary.json
2023-09-25 23:20:15,686 DEBUG   HandlerThread:1861 [handler.py:handle_request():144] handle_request: partial_history
2023-09-25 23:20:15,688 DEBUG   SenderThread:1861 [sender.py:send():380] send: history
2023-09-25 23:20:15,689 DEBUG   SenderThread:1861 [sender.py:send_request():407] send_request: summary_record
2023-09-25 23:20:15,727 INFO    SenderThread:1861 [sender.py:_save_file():1378] saving file wandb-summary.json with policy end
2023-09-25 23:20:16,056 INFO    Thread-12 :1861 [dir_watcher.py:_on_file_modified():288] file/dir modified: /media/jonas/B41ED7D91ED792AA/Arbeit_und_Studium/Kognitionswissenschaft/Glaciers_NeurIPS/Glaciers_NeurIPS/DeepLearning/convLSTMTrain/wandb/run-20230925_231948-e4j04x8d/files/wandb-summary.json
2023-09-25 23:20:16,057 INFO    Thread-12 :1861 [dir_watcher.py:_on_file_modified():288] file/dir modified: /media/jonas/B41ED7D91ED792AA/Arbeit_und_Studium/Kognitionswissenschaft/Glaciers_NeurIPS/Glaciers_NeurIPS/DeepLearning/convLSTMTrain/wandb/run-20230925_231948-e4j04x8d/files/output.log
2023-09-25 23:20:16,495 DEBUG   HandlerThread:1861 [handler.py:handle_request():144] handle_request: status_report
2023-09-25 23:20:16,645 DEBUG   HandlerThread:1861 [handler.py:handle_request():144] handle_request: partial_history
2023-09-25 23:20:16,648 DEBUG   SenderThread:1861 [sender.py:send():380] send: history
2023-09-25 23:20:16,675 DEBUG   SenderThread:1861 [sender.py:send_request():407] send_request: summary_record
2023-09-25 23:20:16,678 INFO    SenderThread:1861 [sender.py:_save_file():1378] saving file wandb-summary.json with policy end
2023-09-25 23:20:17,058 INFO    Thread-12 :1861 [dir_watcher.py:_on_file_modified():288] file/dir modified: /media/jonas/B41ED7D91ED792AA/Arbeit_und_Studium/Kognitionswissenschaft/Glaciers_NeurIPS/Glaciers_NeurIPS/DeepLearning/convLSTMTrain/wandb/run-20230925_231948-e4j04x8d/files/wandb-summary.json
2023-09-25 23:20:17,618 DEBUG   HandlerThread:1861 [handler.py:handle_request():144] handle_request: partial_history
2023-09-25 23:20:17,622 DEBUG   SenderThread:1861 [sender.py:send():380] send: history
2023-09-25 23:20:17,650 DEBUG   SenderThread:1861 [sender.py:send_request():407] send_request: summary_record
2023-09-25 23:20:17,697 INFO    SenderThread:1861 [sender.py:_save_file():1378] saving file wandb-summary.json with policy end
2023-09-25 23:20:18,061 INFO    Thread-12 :1861 [dir_watcher.py:_on_file_modified():288] file/dir modified: /media/jonas/B41ED7D91ED792AA/Arbeit_und_Studium/Kognitionswissenschaft/Glaciers_NeurIPS/Glaciers_NeurIPS/DeepLearning/convLSTMTrain/wandb/run-20230925_231948-e4j04x8d/files/wandb-summary.json
2023-09-25 23:20:18,062 INFO    Thread-12 :1861 [dir_watcher.py:_on_file_modified():288] file/dir modified: /media/jonas/B41ED7D91ED792AA/Arbeit_und_Studium/Kognitionswissenschaft/Glaciers_NeurIPS/Glaciers_NeurIPS/DeepLearning/convLSTMTrain/wandb/run-20230925_231948-e4j04x8d/files/output.log
2023-09-25 23:20:18,560 DEBUG   HandlerThread:1861 [handler.py:handle_request():144] handle_request: partial_history
2023-09-25 23:20:18,561 DEBUG   SenderThread:1861 [sender.py:send():380] send: history
2023-09-25 23:20:18,562 DEBUG   SenderThread:1861 [sender.py:send_request():407] send_request: summary_record
2023-09-25 23:20:18,597 INFO    SenderThread:1861 [sender.py:_save_file():1378] saving file wandb-summary.json with policy end
2023-09-25 23:20:19,066 INFO    Thread-12 :1861 [dir_watcher.py:_on_file_modified():288] file/dir modified: /media/jonas/B41ED7D91ED792AA/Arbeit_und_Studium/Kognitionswissenschaft/Glaciers_NeurIPS/Glaciers_NeurIPS/DeepLearning/convLSTMTrain/wandb/run-20230925_231948-e4j04x8d/files/wandb-summary.json
2023-09-25 23:20:19,526 DEBUG   HandlerThread:1861 [handler.py:handle_request():144] handle_request: partial_history
2023-09-25 23:20:19,529 DEBUG   SenderThread:1861 [sender.py:send():380] send: history
2023-09-25 23:20:19,564 DEBUG   SenderThread:1861 [sender.py:send_request():407] send_request: summary_record
2023-09-25 23:20:19,567 INFO    SenderThread:1861 [sender.py:_save_file():1378] saving file wandb-summary.json with policy end
2023-09-25 23:20:20,068 INFO    Thread-12 :1861 [dir_watcher.py:_on_file_modified():288] file/dir modified: /media/jonas/B41ED7D91ED792AA/Arbeit_und_Studium/Kognitionswissenschaft/Glaciers_NeurIPS/Glaciers_NeurIPS/DeepLearning/convLSTMTrain/wandb/run-20230925_231948-e4j04x8d/files/wandb-summary.json
2023-09-25 23:20:20,069 INFO    Thread-12 :1861 [dir_watcher.py:_on_file_modified():288] file/dir modified: /media/jonas/B41ED7D91ED792AA/Arbeit_und_Studium/Kognitionswissenschaft/Glaciers_NeurIPS/Glaciers_NeurIPS/DeepLearning/convLSTMTrain/wandb/run-20230925_231948-e4j04x8d/files/output.log
2023-09-25 23:20:20,678 DEBUG   HandlerThread:1861 [handler.py:handle_request():144] handle_request: partial_history
2023-09-25 23:20:20,681 DEBUG   SenderThread:1861 [sender.py:send():380] send: history
2023-09-25 23:20:20,711 DEBUG   SenderThread:1861 [sender.py:send_request():407] send_request: summary_record
2023-09-25 23:20:20,751 INFO    SenderThread:1861 [sender.py:_save_file():1378] saving file wandb-summary.json with policy end
2023-09-25 23:20:21,070 INFO    Thread-12 :1861 [dir_watcher.py:_on_file_modified():288] file/dir modified: /media/jonas/B41ED7D91ED792AA/Arbeit_und_Studium/Kognitionswissenschaft/Glaciers_NeurIPS/Glaciers_NeurIPS/DeepLearning/convLSTMTrain/wandb/run-20230925_231948-e4j04x8d/files/wandb-summary.json
2023-09-25 23:20:21,615 DEBUG   HandlerThread:1861 [handler.py:handle_request():144] handle_request: status_report
2023-09-25 23:20:21,857 DEBUG   HandlerThread:1861 [handler.py:handle_request():144] handle_request: stop_status
2023-09-25 23:20:21,861 DEBUG   HandlerThread:1861 [handler.py:handle_request():144] handle_request: internal_messages
2023-09-25 23:20:21,910 DEBUG   HandlerThread:1861 [handler.py:handle_request():144] handle_request: partial_history
2023-09-25 23:20:22,073 INFO    Thread-12 :1861 [dir_watcher.py:_on_file_modified():288] file/dir modified: /media/jonas/B41ED7D91ED792AA/Arbeit_und_Studium/Kognitionswissenschaft/Glaciers_NeurIPS/Glaciers_NeurIPS/DeepLearning/convLSTMTrain/wandb/run-20230925_231948-e4j04x8d/files/output.log
2023-09-25 23:20:22,757 DEBUG   HandlerThread:1861 [handler.py:handle_request():144] handle_request: partial_history
2023-09-25 23:20:24,664 DEBUG   HandlerThread:1861 [handler.py:handle_request():144] handle_request: poll_exit
2023-09-25 23:20:29,669 DEBUG   HandlerThread:1861 [handler.py:handle_request():144] handle_request: keepalive
2023-09-25 23:20:34,673 DEBUG   HandlerThread:1861 [handler.py:handle_request():144] handle_request: keepalive
2023-09-25 23:20:39,678 DEBUG   HandlerThread:1861 [handler.py:handle_request():144] handle_request: keepalive
2023-09-25 23:20:42,786 INFO    cpu       :1861 [interfaces.py:monitor():140] Process cpu has exited.
2023-09-25 23:20:42,787 DEBUG   SystemMonitor:1861 [system_monitor.py:_start():159] Starting system metrics aggregation loop
2023-09-25 23:20:42,788 DEBUG   SystemMonitor:1861 [system_monitor.py:_start():166] Finished system metrics aggregation loop
2023-09-25 23:20:42,789 DEBUG   SystemMonitor:1861 [system_monitor.py:_start():170] Publishing last batch of metrics
2023-09-25 23:20:44,681 DEBUG   HandlerThread:1861 [handler.py:handle_request():144] handle_request: keepalive
2023-09-25 23:20:44,914 INFO    SenderThread:1861 [retry.py:__call__():172] Retry attempt failed:
Traceback (most recent call last):
  File "/media/jonas/B41ED7D91ED792AA/Arbeit_und_Studium/Kognitionswissenschaft/Glaciers_NeurIPS/Glaciers_NeurIPS/SatelliteImageExtraction/lib/python3.10/site-packages/urllib3/connection.py", line 203, in _new_conn
    sock = connection.create_connection(
  File "/media/jonas/B41ED7D91ED792AA/Arbeit_und_Studium/Kognitionswissenschaft/Glaciers_NeurIPS/Glaciers_NeurIPS/SatelliteImageExtraction/lib/python3.10/site-packages/urllib3/util/connection.py", line 60, in create_connection
    for res in socket.getaddrinfo(host, port, family, socket.SOCK_STREAM):
  File "/usr/lib/python3.10/socket.py", line 955, in getaddrinfo
    for res in _socket.getaddrinfo(host, port, family, type, proto, flags):
socket.gaierror: [Errno -3] Temporary failure in name resolution

The above exception was the direct cause of the following exception:

Traceback (most recent call last):
  File "/media/jonas/B41ED7D91ED792AA/Arbeit_und_Studium/Kognitionswissenschaft/Glaciers_NeurIPS/Glaciers_NeurIPS/SatelliteImageExtraction/lib/python3.10/site-packages/urllib3/connectionpool.py", line 790, in urlopen
    response = self._make_request(
  File "/media/jonas/B41ED7D91ED792AA/Arbeit_und_Studium/Kognitionswissenschaft/Glaciers_NeurIPS/Glaciers_NeurIPS/SatelliteImageExtraction/lib/python3.10/site-packages/urllib3/connectionpool.py", line 491, in _make_request
    raise new_e
  File "/media/jonas/B41ED7D91ED792AA/Arbeit_und_Studium/Kognitionswissenschaft/Glaciers_NeurIPS/Glaciers_NeurIPS/SatelliteImageExtraction/lib/python3.10/site-packages/urllib3/connectionpool.py", line 467, in _make_request
    self._validate_conn(conn)
  File "/media/jonas/B41ED7D91ED792AA/Arbeit_und_Studium/Kognitionswissenschaft/Glaciers_NeurIPS/Glaciers_NeurIPS/SatelliteImageExtraction/lib/python3.10/site-packages/urllib3/connectionpool.py", line 1092, in _validate_conn
    conn.connect()
  File "/media/jonas/B41ED7D91ED792AA/Arbeit_und_Studium/Kognitionswissenschaft/Glaciers_NeurIPS/Glaciers_NeurIPS/SatelliteImageExtraction/lib/python3.10/site-packages/urllib3/connection.py", line 611, in connect
    self.sock = sock = self._new_conn()
  File "/media/jonas/B41ED7D91ED792AA/Arbeit_und_Studium/Kognitionswissenschaft/Glaciers_NeurIPS/Glaciers_NeurIPS/SatelliteImageExtraction/lib/python3.10/site-packages/urllib3/connection.py", line 210, in _new_conn
    raise NameResolutionError(self.host, self, e) from e
urllib3.exceptions.NameResolutionError: <urllib3.connection.HTTPSConnection object at 0x7f77ec72a020>: Failed to resolve 'api.wandb.ai' ([Errno -3] Temporary failure in name resolution)

The above exception was the direct cause of the following exception:

Traceback (most recent call last):
  File "/media/jonas/B41ED7D91ED792AA/Arbeit_und_Studium/Kognitionswissenschaft/Glaciers_NeurIPS/Glaciers_NeurIPS/SatelliteImageExtraction/lib/python3.10/site-packages/requests/adapters.py", line 486, in send
    resp = conn.urlopen(
  File "/media/jonas/B41ED7D91ED792AA/Arbeit_und_Studium/Kognitionswissenschaft/Glaciers_NeurIPS/Glaciers_NeurIPS/SatelliteImageExtraction/lib/python3.10/site-packages/urllib3/connectionpool.py", line 844, in urlopen
    retries = retries.increment(
  File "/media/jonas/B41ED7D91ED792AA/Arbeit_und_Studium/Kognitionswissenschaft/Glaciers_NeurIPS/Glaciers_NeurIPS/SatelliteImageExtraction/lib/python3.10/site-packages/urllib3/util/retry.py", line 515, in increment
    raise MaxRetryError(_pool, url, reason) from reason  # type: ignore[arg-type]
urllib3.exceptions.MaxRetryError: HTTPSConnectionPool(host='api.wandb.ai', port=443): Max retries exceeded with url: /graphql (Caused by NameResolutionError("<urllib3.connection.HTTPSConnection object at 0x7f77ec72a020>: Failed to resolve 'api.wandb.ai' ([Errno -3] Temporary failure in name resolution)"))

During handling of the above exception, another exception occurred:

Traceback (most recent call last):
  File "/media/jonas/B41ED7D91ED792AA/Arbeit_und_Studium/Kognitionswissenschaft/Glaciers_NeurIPS/Glaciers_NeurIPS/SatelliteImageExtraction/lib/python3.10/site-packages/wandb/sdk/lib/retry.py", line 131, in __call__
    result = self._call_fn(*args, **kwargs)
  File "/media/jonas/B41ED7D91ED792AA/Arbeit_und_Studium/Kognitionswissenschaft/Glaciers_NeurIPS/Glaciers_NeurIPS/SatelliteImageExtraction/lib/python3.10/site-packages/wandb/sdk/internal/internal_api.py", line 366, in execute
    return self.client.execute(*args, **kwargs)  # type: ignore
  File "/media/jonas/B41ED7D91ED792AA/Arbeit_und_Studium/Kognitionswissenschaft/Glaciers_NeurIPS/Glaciers_NeurIPS/SatelliteImageExtraction/lib/python3.10/site-packages/wandb/vendor/gql-0.2.0/wandb_gql/client.py", line 52, in execute
    result = self._get_result(document, *args, **kwargs)
  File "/media/jonas/B41ED7D91ED792AA/Arbeit_und_Studium/Kognitionswissenschaft/Glaciers_NeurIPS/Glaciers_NeurIPS/SatelliteImageExtraction/lib/python3.10/site-packages/wandb/vendor/gql-0.2.0/wandb_gql/client.py", line 60, in _get_result
    return self.transport.execute(document, *args, **kwargs)
  File "/media/jonas/B41ED7D91ED792AA/Arbeit_und_Studium/Kognitionswissenschaft/Glaciers_NeurIPS/Glaciers_NeurIPS/SatelliteImageExtraction/lib/python3.10/site-packages/wandb/sdk/lib/gql_request.py", line 58, in execute
    request = self.session.post(self.url, **post_args)
  File "/media/jonas/B41ED7D91ED792AA/Arbeit_und_Studium/Kognitionswissenschaft/Glaciers_NeurIPS/Glaciers_NeurIPS/SatelliteImageExtraction/lib/python3.10/site-packages/requests/sessions.py", line 637, in post
    return self.request("POST", url, data=data, json=json, **kwargs)
  File "/media/jonas/B41ED7D91ED792AA/Arbeit_und_Studium/Kognitionswissenschaft/Glaciers_NeurIPS/Glaciers_NeurIPS/SatelliteImageExtraction/lib/python3.10/site-packages/requests/sessions.py", line 589, in request
    resp = self.send(prep, **send_kwargs)
  File "/media/jonas/B41ED7D91ED792AA/Arbeit_und_Studium/Kognitionswissenschaft/Glaciers_NeurIPS/Glaciers_NeurIPS/SatelliteImageExtraction/lib/python3.10/site-packages/requests/sessions.py", line 703, in send
    r = adapter.send(request, **kwargs)
  File "/media/jonas/B41ED7D91ED792AA/Arbeit_und_Studium/Kognitionswissenschaft/Glaciers_NeurIPS/Glaciers_NeurIPS/SatelliteImageExtraction/lib/python3.10/site-packages/requests/adapters.py", line 519, in send
    raise ConnectionError(e, request=request)
requests.exceptions.ConnectionError: HTTPSConnectionPool(host='api.wandb.ai', port=443): Max retries exceeded with url: /graphql (Caused by NameResolutionError("<urllib3.connection.HTTPSConnection object at 0x7f77ec72a020>: Failed to resolve 'api.wandb.ai' ([Errno -3] Temporary failure in name resolution)"))
2023-09-25 23:20:45,747 WARNING StreamThr :1861 [internal.py:is_dead():414] Internal process exiting, parent pid 1821 disappeared
2023-09-25 23:20:45,748 ERROR   StreamThr :1861 [internal.py:wandb_internal():152] Internal process shutdown.
2023-09-25 23:20:45,793 INFO    WriterThread:1861 [datastore.py:close():294] close: /media/jonas/B41ED7D91ED792AA/Arbeit_und_Studium/Kognitionswissenschaft/Glaciers_NeurIPS/Glaciers_NeurIPS/DeepLearning/convLSTMTrain/wandb/run-20230925_231948-e4j04x8d/run-e4j04x8d.wandb
2023-09-25 23:20:46,693 INFO    HandlerThread:1861 [handler.py:finish():844] shutting down handler
2023-09-25 23:20:46,693 INFO    HandlerThread:1861 [system_monitor.py:finish():190] Stopping system monitor
2023-09-25 23:20:46,693 INFO    HandlerThread:1861 [interfaces.py:finish():202] Joined cpu monitor
2023-09-25 23:20:46,694 INFO    HandlerThread:1861 [interfaces.py:finish():202] Joined disk monitor
2023-09-25 23:20:46,695 INFO    HandlerThread:1861 [interfaces.py:finish():202] Joined memory monitor
2023-09-25 23:20:46,695 INFO    HandlerThread:1861 [interfaces.py:finish():202] Joined network monitor
2023-09-25 23:21:14,770 INFO    SenderThread:1861 [sender.py:finish():1534] shutting down sender
2023-09-25 23:21:15,381 INFO    Thread-12 :1861 [dir_watcher.py:_on_file_modified():288] file/dir modified: /media/jonas/B41ED7D91ED792AA/Arbeit_und_Studium/Kognitionswissenschaft/Glaciers_NeurIPS/Glaciers_NeurIPS/DeepLearning/convLSTMTrain/wandb/run-20230925_231948-e4j04x8d/files/config.yaml
2023-09-25 23:21:15,843 INFO    SenderThread:1861 [dir_watcher.py:finish():358] shutting down directory watcher
2023-09-25 23:21:16,384 INFO    SenderThread:1861 [dir_watcher.py:_on_file_modified():288] file/dir modified: /media/jonas/B41ED7D91ED792AA/Arbeit_und_Studium/Kognitionswissenschaft/Glaciers_NeurIPS/Glaciers_NeurIPS/DeepLearning/convLSTMTrain/wandb/run-20230925_231948-e4j04x8d/files/output.log
2023-09-25 23:21:16,384 INFO    SenderThread:1861 [dir_watcher.py:finish():388] scan: /media/jonas/B41ED7D91ED792AA/Arbeit_und_Studium/Kognitionswissenschaft/Glaciers_NeurIPS/Glaciers_NeurIPS/DeepLearning/convLSTMTrain/wandb/run-20230925_231948-e4j04x8d/files
2023-09-25 23:21:16,385 INFO    SenderThread:1861 [dir_watcher.py:finish():402] scan save: /media/jonas/B41ED7D91ED792AA/Arbeit_und_Studium/Kognitionswissenschaft/Glaciers_NeurIPS/Glaciers_NeurIPS/DeepLearning/convLSTMTrain/wandb/run-20230925_231948-e4j04x8d/files/config.yaml config.yaml
2023-09-25 23:21:16,386 INFO    SenderThread:1861 [dir_watcher.py:finish():402] scan save: /media/jonas/B41ED7D91ED792AA/Arbeit_und_Studium/Kognitionswissenschaft/Glaciers_NeurIPS/Glaciers_NeurIPS/DeepLearning/convLSTMTrain/wandb/run-20230925_231948-e4j04x8d/files/output.log output.log
2023-09-25 23:21:16,393 INFO    SenderThread:1861 [dir_watcher.py:finish():402] scan save: /media/jonas/B41ED7D91ED792AA/Arbeit_und_Studium/Kognitionswissenschaft/Glaciers_NeurIPS/Glaciers_NeurIPS/DeepLearning/convLSTMTrain/wandb/run-20230925_231948-e4j04x8d/files/requirements.txt requirements.txt
2023-09-25 23:21:16,402 INFO    SenderThread:1861 [dir_watcher.py:finish():402] scan save: /media/jonas/B41ED7D91ED792AA/Arbeit_und_Studium/Kognitionswissenschaft/Glaciers_NeurIPS/Glaciers_NeurIPS/DeepLearning/convLSTMTrain/wandb/run-20230925_231948-e4j04x8d/files/wandb-metadata.json wandb-metadata.json
2023-09-25 23:21:16,402 INFO    SenderThread:1861 [dir_watcher.py:finish():402] scan save: /media/jonas/B41ED7D91ED792AA/Arbeit_und_Studium/Kognitionswissenschaft/Glaciers_NeurIPS/Glaciers_NeurIPS/DeepLearning/convLSTMTrain/wandb/run-20230925_231948-e4j04x8d/files/wandb-summary.json wandb-summary.json
2023-09-25 23:21:16,409 INFO    SenderThread:1861 [file_pusher.py:finish():175] shutting down file pusher
2023-09-25 23:21:16,410 INFO    SenderThread:1861 [file_pusher.py:join():181] waiting for file pusher
2023-09-25 23:21:17,274 INFO    wandb-upload_2:1861 [upload_job.py:push():131] Uploaded file /media/jonas/B41ED7D91ED792AA/Arbeit_und_Studium/Kognitionswissenschaft/Glaciers_NeurIPS/Glaciers_NeurIPS/DeepLearning/convLSTMTrain/wandb/run-20230925_231948-e4j04x8d/files/requirements.txt
2023-09-25 23:21:17,284 INFO    wandb-upload_3:1861 [upload_job.py:push():131] Uploaded file /media/jonas/B41ED7D91ED792AA/Arbeit_und_Studium/Kognitionswissenschaft/Glaciers_NeurIPS/Glaciers_NeurIPS/DeepLearning/convLSTMTrain/wandb/run-20230925_231948-e4j04x8d/files/wandb-summary.json
2023-09-25 23:23:21,881 WARNING FileStreamThread:1861 [file_stream.py:request_with_retry():668] requests_with_retry encountered retryable exception: HTTPSConnectionPool(host='api.wandb.ai', port=443): Read timed out. (read timeout=180). func: functools.partial(<bound method Session.post of <requests.sessions.Session object at 0x7f7806cb3520>>, timeout=180), args: ('https://api.wandb.ai/files/mueller/ConvLSTMBig/e4j04x8d/file_stream',), kwargs: {'json': {'files': {'wandb-summary.json': {'offset': 0, 'content': ['{"trainLoss": 0.14631396532058716, "validationLoss": 0.0, "_timestamp": 1695676820.6775966, "_runtime": 31.995981454849243, "_step": 11}']}, 'wandb-history.jsonl': {'offset': 11, 'content': ['{"trainLoss": 0.14631396532058716, "validationLoss": 0.0, "_timestamp": 1695676820.6775966, "_runtime": 31.995981454849243, "_step": 11}']}, 'output.log': {'offset': 67, 'content': ['2023-09-25T21:20:21.770372 torch.Size([2, 4, 1, 50, 50])\n', '2023-09-25T21:20:21.770372 torch.Size([2, 4, 2, 50, 50])\n', '2023-09-25T21:20:21.770372 torch.Size([2, 1, 2, 50, 50])\n', '2023-09-25T21:20:21.770372 torch.Size([2, 1, 2, 50, 50])\n', '2023-09-25T21:20:21.770372 torch.Size([2, 1, 2, 50, 50])\n', '2023-09-25T21:20:21.770372 epoch:  0 , example:  12  current loss =  0.14631396532058716\n', '2023-09-25T21:20:21.770372 torch.Size([2, 4, 1, 50, 50])\n', '2023-09-25T21:20:21.770372 torch.Size([2, 4, 2, 50, 50])\n', '2023-09-25T21:20:21.770372 torch.Size([2, 1, 2, 50, 50])\n', '2023-09-25T21:20:21.770372 torch.Size([2, 1, 2, 50, 50])\n', '2023-09-25T21:20:21.770372 torch.Size([2, 1, 2, 50, 50])\n']}}, 'dropped': 0}}
2023-09-25 23:37:28,970 ERROR   wandb-upload_0:1861 [internal_api.py:upload_file():2556] upload_file exception https://storage.googleapis.com/wandb-production.appspot.com/mueller/ConvLSTMBig/e4j04x8d/config.yaml?Expires=1695763276&GoogleAccessId=gorilla-files-url-signer-man%40wandb-production.iam.gserviceaccount.com&Signature=iRWFwWLyAMzlYLlDq%2BQNx2KcDsGqFJR5WWLAnQooqHRLuqUrGvTcbEjrO2LvSaWD%2FyLT263Ud%2Fcpzhuh1tohuP5NR0KS6HcNajnduZ5FNQ8%2BUtZ6hydgQWAUyiMOlxD1Tyy5loI9RFTnsvWgD8zqLKZmNc%2FBYsj2lr%2BPF3s5UfhQ8IZWBi%2BVezU3Wuv6L8IIkn3t9Ne3VuVgpWFe%2BAOOthyAQYeis3%2FS0w3%2B99R72o7FmlETQ3C4WaohRzXBTbcBtd0DogULatDGWPH9baqGRqHXu%2BvC6eMLlYpLqy2A%2FxcFDzbEMis2p%2F%2FqvbQ8hvcyInBpbLqBr%2BImEWK%2FPYpPSg%3D%3D: ('Connection aborted.', RemoteDisconnected('Remote end closed connection without response'))
2023-09-25 23:37:28,972 ERROR   wandb-upload_0:1861 [internal_api.py:upload_file():2558] upload_file request headers: {'User-Agent': 'python-requests/2.31.0', 'Accept-Encoding': 'gzip, deflate', 'Accept': '*/*', 'Connection': 'keep-alive', 'Content-Length': '591'}
2023-09-25 23:37:28,973 ERROR   wandb-upload_0:1861 [internal_api.py:upload_file():2560] upload_file response body: 
2023-09-25 23:37:30,810 INFO    wandb-upload_0:1861 [upload_job.py:push():131] Uploaded file /media/jonas/B41ED7D91ED792AA/Arbeit_und_Studium/Kognitionswissenschaft/Glaciers_NeurIPS/Glaciers_NeurIPS/DeepLearning/convLSTMTrain/wandb/run-20230925_231948-e4j04x8d/files/config.yaml
2023-09-25 23:37:57,642 ERROR   wandb-upload_1:1861 [internal_api.py:upload_file():2556] upload_file exception https://storage.googleapis.com/wandb-production.appspot.com/mueller/ConvLSTMBig/e4j04x8d/output.log?Expires=1695763299&GoogleAccessId=gorilla-files-url-signer-man%40wandb-production.iam.gserviceaccount.com&Signature=IrfX5DWjjSi8WC8L2%2Bn0pfPORbUe%2FQHtuJBPGxilXs84CeQdMFphCdVnkGbK9xPHv7HGajPNffVWMLQlmavslKUlJVBy3xGsRQUmG0vlSWssd4XT6AMl0D%2BAfOWWoPvwIjpDrN1I7bnE8HluNqF8u9mosv1zTCeuagid974lZLl6FlzA0L8uXpmePuHCJFjZ9J7ffYzNzFa2PT36K287Q5bgRpN9kClwcYZ0NKG27XZmTsbCNd%2FK7r3Fwr9xnmo3JNXDaaO9%2FC9KorVrRb91LIq09VPq5uR%2BOg0bt30DyTQKPo5%2BWnggML70ljnccumA4WZoaZ%2BxH3UWsXnqkndI4g%3D%3D: ('Connection aborted.', RemoteDisconnected('Remote end closed connection without response'))
2023-09-25 23:37:57,642 ERROR   wandb-upload_1:1861 [internal_api.py:upload_file():2558] upload_file request headers: {'User-Agent': 'python-requests/2.31.0', 'Accept-Encoding': 'gzip, deflate', 'Accept': '*/*', 'Connection': 'keep-alive', 'Content-Length': '2782'}
2023-09-25 23:37:57,643 ERROR   wandb-upload_1:1861 [internal_api.py:upload_file():2560] upload_file response body: 
2023-09-25 23:37:59,157 INFO    wandb-upload_1:1861 [upload_job.py:push():131] Uploaded file /media/jonas/B41ED7D91ED792AA/Arbeit_und_Studium/Kognitionswissenschaft/Glaciers_NeurIPS/Glaciers_NeurIPS/DeepLearning/convLSTMTrain/wandb/run-20230925_231948-e4j04x8d/files/output.log
2023-09-25 23:37:59,681 INFO    SenderThread:1861 [file_stream.py:finish():595] file stream finish called
2023-09-25 23:37:59,904 INFO    SenderThread:1861 [file_stream.py:finish():599] file stream finish is done
